[ 2016-12-19T11:32:15+08:00 ] 127.0.0.1 /wwh_shop/index.php/Home/Index/goods/goods_id/18.html
ERR: SQLSTATE[42000]: Syntax error or access violation: 1582 Incorrect parameter count in the call to native function 'find_in_set'

[ 2016-12-19T11:32:17+08:00 ] 127.0.0.1 /wwh_shop/index.php/Home/Index/goods/goods_id/18.html
ERR: SQLSTATE[42000]: Syntax error or access violation: 1582 Incorrect parameter count in the call to native function 'find_in_set'

[ 2016-12-19T11:38:48+08:00 ] 127.0.0.1 /wwh_shop/index.php/Home/Index/goods/goods_id/82.html
ERR: SQLSTATE[42000]: Syntax error or access violation: 1582 Incorrect parameter count in the call to native function 'find_in_set'

[ 2016-12-19T12:39:33+08:00 ] ::1 /wwh_shop/index.php/Home/Index/ajaxHistory/goods_id/18.html
INFO: [ app_begin ] --START--
INFO: Run Behavior\ReadHtmlCacheBehavior [ RunTime:0.000566s ]
INFO: [ app_begin ] --END-- [ RunTime:0.000887s ]
NOTIC: [2048] Declaration of Admin\Model\CategoryModel::_before_delete() should be compatible with that of Think\Model::_before_delete() U:\php\phpstudy\WWW\wwh_shop\Application\Admin\Model\CategoryModel.class.php 第 5 行.
SQL: SHOW COLUMNS FROM `wwh_category` [ RunTime:0.0063s ]
SQL: SHOW COLUMNS FROM `wwh_goods` [ RunTime:0.0046s ]
SQL: SELECT `goods_id`,`goods_name`,`sm_goods_img` FROM `wwh_goods` WHERE `goods_id` IN ('18') ORDER BY FIELD(goods_id,18) LIMIT 6   [ RunTime:0.1211s ]
INFO: [ app_end ] --START--
INFO: Run Behavior\ShowPageTraceBehavior [ RunTime:0.000895s ]
INFO: [ app_end ] --END-- [ RunTime:0.000967s ]

[ 2016-12-19T12:40:29+08:00 ] ::1 /wwh_shop/index.php/Home/Index/ajaxHistory/goods_id/84.html
INFO: [ app_begin ] --START--
INFO: Run Behavior\ReadHtmlCacheBehavior [ RunTime:0.000589s ]
INFO: [ app_begin ] --END-- [ RunTime:0.000981s ]
NOTIC: [2048] Declaration of Admin\Model\CategoryModel::_before_delete() should be compatible with that of Think\Model::_before_delete() U:\php\phpstudy\WWW\wwh_shop\Application\Admin\Model\CategoryModel.class.php 第 5 行.
SQL: SHOW COLUMNS FROM `wwh_category` [ RunTime:0.0038s ]
SQL: SHOW COLUMNS FROM `wwh_goods` [ RunTime:0.0039s ]
SQL: SELECT `goods_id`,`goods_name`,`sm_goods_img` FROM `wwh_goods` WHERE `goods_id` IN ('84','18') ORDER BY FIELD(goods_id,84,18) LIMIT 6   [ RunTime:0.0005s ]
INFO: [ app_end ] --START--
INFO: Run Behavior\ShowPageTraceBehavior [ RunTime:0.000860s ]
INFO: [ app_end ] --END-- [ RunTime:0.000930s ]

[ 2016-12-19T12:47:18+08:00 ] ::1 /wwh_shop/index.php/Home/Index/ajaxHistory/goods_id/84.html
INFO: [ app_begin ] --START--
INFO: Run Behavior\ReadHtmlCacheBehavior [ RunTime:0.000584s ]
INFO: [ app_begin ] --END-- [ RunTime:0.000938s ]
NOTIC: [2048] Declaration of Admin\Model\CategoryModel::_before_delete() should be compatible with that of Think\Model::_before_delete() U:\php\phpstudy\WWW\wwh_shop\Application\Admin\Model\CategoryModel.class.php 第 5 行.
SQL: SHOW COLUMNS FROM `wwh_category` [ RunTime:0.0201s ]
SQL: SHOW COLUMNS FROM `wwh_goods` [ RunTime:0.0050s ]
SQL: SELECT `goods_id`,`goods_name`,`sm_goods_img` FROM `wwh_goods` WHERE `goods_id` IN ('84','18') ORDER BY FIELD(goods_id,84,18) LIMIT 6   [ RunTime:0.0005s ]
INFO: [ app_end ] --START--
INFO: Run Behavior\ShowPageTraceBehavior [ RunTime:0.000847s ]
INFO: [ app_end ] --END-- [ RunTime:0.000915s ]

[ 2016-12-19T12:48:10+08:00 ] ::1 /wwh_shop/index.php/Home/Index/ajaxHistory/goods_id/84.html
INFO: [ app_begin ] --START--
INFO: Run Behavior\ReadHtmlCacheBehavior [ RunTime:0.000603s ]
INFO: [ app_begin ] --END-- [ RunTime:0.000956s ]
NOTIC: [2048] Declaration of Admin\Model\CategoryModel::_before_delete() should be compatible with that of Think\Model::_before_delete() U:\php\phpstudy\WWW\wwh_shop\Application\Admin\Model\CategoryModel.class.php 第 5 行.
SQL: SHOW COLUMNS FROM `wwh_category` [ RunTime:0.0040s ]
SQL: SHOW COLUMNS FROM `wwh_goods` [ RunTime:0.0042s ]
SQL: SELECT `goods_id`,`goods_name`,`sm_goods_img` FROM `wwh_goods` WHERE `goods_id` IN ('84','18') ORDER BY FIELD(goods_id,84,18) LIMIT 6   [ RunTime:0.0004s ]
INFO: [ app_end ] --START--
INFO: Run Behavior\ShowPageTraceBehavior [ RunTime:0.000815s ]
INFO: [ app_end ] --END-- [ RunTime:0.000879s ]

[ 2016-12-19T12:48:46+08:00 ] ::1 /wwh_shop/index.php/Home/Index/ajaxHistory/goods_id/84.html
INFO: [ app_begin ] --START--
INFO: Run Behavior\ReadHtmlCacheBehavior [ RunTime:0.000793s ]
INFO: [ app_begin ] --END-- [ RunTime:0.001272s ]
NOTIC: [2048] Declaration of Admin\Model\CategoryModel::_before_delete() should be compatible with that of Think\Model::_before_delete() U:\php\phpstudy\WWW\wwh_shop\Application\Admin\Model\CategoryModel.class.php 第 5 行.
SQL: SHOW COLUMNS FROM `wwh_category` [ RunTime:0.0045s ]
SQL: SHOW COLUMNS FROM `wwh_goods` [ RunTime:0.0037s ]
SQL: SELECT `goods_id`,`goods_name`,`sm_goods_img` FROM `wwh_goods` WHERE `goods_id` IN ('84','18') ORDER BY FIELD(goods_id,84,18) LIMIT 6   [ RunTime:0.0004s ]
INFO: [ app_end ] --START--
INFO: Run Behavior\ShowPageTraceBehavior [ RunTime:0.000860s ]
INFO: [ app_end ] --END-- [ RunTime:0.000925s ]

[ 2016-12-19T12:50:36+08:00 ] ::1 /wwh_shop/index.php/Home/Index/ajaxHistory/goods_id/84.html
INFO: [ app_begin ] --START--
INFO: Run Behavior\ReadHtmlCacheBehavior [ RunTime:0.000600s ]
INFO: [ app_begin ] --END-- [ RunTime:0.000954s ]
NOTIC: [2048] Declaration of Admin\Model\CategoryModel::_before_delete() should be compatible with that of Think\Model::_before_delete() U:\php\phpstudy\WWW\wwh_shop\Application\Admin\Model\CategoryModel.class.php 第 5 行.
SQL: SHOW COLUMNS FROM `wwh_category` [ RunTime:0.0045s ]
SQL: SHOW COLUMNS FROM `wwh_goods` [ RunTime:0.0038s ]
SQL: SELECT `goods_id`,`goods_name`,`sm_goods_img` FROM `wwh_goods` WHERE `goods_id` IN ('84','18') ORDER BY FIELD(goods_id,84,18) LIMIT 6   [ RunTime:0.0003s ]
INFO: [ app_end ] --START--
INFO: Run Behavior\ShowPageTraceBehavior [ RunTime:0.000648s ]
INFO: [ app_end ] --END-- [ RunTime:0.000712s ]

[ 2016-12-19T12:51:32+08:00 ] ::1 /wwh_shop/index.php/Home/Index/ajaxHistory/goods_id/84.html
INFO: [ app_begin ] --START--
INFO: Run Behavior\ReadHtmlCacheBehavior [ RunTime:0.000575s ]
INFO: [ app_begin ] --END-- [ RunTime:0.000912s ]
NOTIC: [2048] Declaration of Admin\Model\CategoryModel::_before_delete() should be compatible with that of Think\Model::_before_delete() U:\php\phpstudy\WWW\wwh_shop\Application\Admin\Model\CategoryModel.class.php 第 5 行.
SQL: SHOW COLUMNS FROM `wwh_category` [ RunTime:0.0079s ]
SQL: SHOW COLUMNS FROM `wwh_goods` [ RunTime:0.0053s ]
SQL: SELECT `goods_id`,`goods_name`,`sm_goods_img` FROM `wwh_goods` WHERE `goods_id` IN ('84','18') ORDER BY FIELD(goods_id,84,18) LIMIT 6   [ RunTime:0.0004s ]
INFO: [ app_end ] --START--
INFO: Run Behavior\ShowPageTraceBehavior [ RunTime:0.000826s ]
INFO: [ app_end ] --END-- [ RunTime:0.000902s ]

[ 2016-12-19T12:52:18+08:00 ] ::1 /wwh_shop/index.php/Home/Index/ajaxHistory/goods_id/84.html
INFO: [ app_begin ] --START--
INFO: Run Behavior\ReadHtmlCacheBehavior [ RunTime:0.000623s ]
INFO: [ app_begin ] --END-- [ RunTime:0.001006s ]
NOTIC: [2048] Declaration of Admin\Model\CategoryModel::_before_delete() should be compatible with that of Think\Model::_before_delete() U:\php\phpstudy\WWW\wwh_shop\Application\Admin\Model\CategoryModel.class.php 第 5 行.
SQL: SHOW COLUMNS FROM `wwh_category` [ RunTime:0.0055s ]
SQL: SHOW COLUMNS FROM `wwh_goods` [ RunTime:0.0068s ]
SQL: SELECT `goods_id`,`goods_name`,`sm_goods_img` FROM `wwh_goods` WHERE `goods_id` IN ('84','18') ORDER BY FIELD(goods_id,84,18) LIMIT 6   [ RunTime:0.0005s ]
INFO: [ app_end ] --START--
INFO: Run Behavior\ShowPageTraceBehavior [ RunTime:0.000700s ]
INFO: [ app_end ] --END-- [ RunTime:0.000769s ]

[ 2016-12-19T12:52:27+08:00 ] ::1 /wwh_shop/index.php/Home/Index/ajaxHistory/goods_id/91.html
INFO: [ app_begin ] --START--
INFO: Run Behavior\ReadHtmlCacheBehavior [ RunTime:0.000624s ]
INFO: [ app_begin ] --END-- [ RunTime:0.000991s ]
NOTIC: [2048] Declaration of Admin\Model\CategoryModel::_before_delete() should be compatible with that of Think\Model::_before_delete() U:\php\phpstudy\WWW\wwh_shop\Application\Admin\Model\CategoryModel.class.php 第 5 行.
SQL: SHOW COLUMNS FROM `wwh_category` [ RunTime:0.0050s ]
SQL: SHOW COLUMNS FROM `wwh_goods` [ RunTime:0.0050s ]
SQL: SELECT `goods_id`,`goods_name`,`sm_goods_img` FROM `wwh_goods` WHERE `goods_id` IN ('91','84','18') ORDER BY FIELD(goods_id,91,84,18) LIMIT 6   [ RunTime:0.0004s ]
INFO: [ app_end ] --START--
INFO: Run Behavior\ShowPageTraceBehavior [ RunTime:0.000812s ]
INFO: [ app_end ] --END-- [ RunTime:0.000878s ]

[ 2016-12-19T12:52:33+08:00 ] ::1 /wwh_shop/index.php/Home/Index/ajaxHistory/goods_id/91.html
INFO: [ app_begin ] --START--
INFO: Run Behavior\ReadHtmlCacheBehavior [ RunTime:0.000586s ]
INFO: [ app_begin ] --END-- [ RunTime:0.000922s ]
NOTIC: [2048] Declaration of Admin\Model\CategoryModel::_before_delete() should be compatible with that of Think\Model::_before_delete() U:\php\phpstudy\WWW\wwh_shop\Application\Admin\Model\CategoryModel.class.php 第 5 行.
SQL: SHOW COLUMNS FROM `wwh_category` [ RunTime:0.0047s ]
SQL: SHOW COLUMNS FROM `wwh_goods` [ RunTime:0.0038s ]
SQL: SELECT `goods_id`,`goods_name`,`sm_goods_img` FROM `wwh_goods` WHERE `goods_id` IN ('91','84','18') ORDER BY FIELD(goods_id,91,84,18) LIMIT 6   [ RunTime:0.0004s ]
INFO: [ app_end ] --START--
INFO: Run Behavior\ShowPageTraceBehavior [ RunTime:0.000799s ]
INFO: [ app_end ] --END-- [ RunTime:0.000866s ]

[ 2016-12-19T12:52:36+08:00 ] ::1 /wwh_shop/index.php/Home/Index/ajaxHistory/goods_id/91.html
INFO: [ app_begin ] --START--
INFO: Run Behavior\ReadHtmlCacheBehavior [ RunTime:0.000672s ]
INFO: [ app_begin ] --END-- [ RunTime:0.001012s ]
NOTIC: [2048] Declaration of Admin\Model\CategoryModel::_before_delete() should be compatible with that of Think\Model::_before_delete() U:\php\phpstudy\WWW\wwh_shop\Application\Admin\Model\CategoryModel.class.php 第 5 行.
SQL: SHOW COLUMNS FROM `wwh_category` [ RunTime:0.0074s ]
SQL: SHOW COLUMNS FROM `wwh_goods` [ RunTime:0.0046s ]
SQL: SELECT `goods_id`,`goods_name`,`sm_goods_img` FROM `wwh_goods` WHERE `goods_id` IN ('91','84','18') ORDER BY FIELD(goods_id,91,84,18) LIMIT 6   [ RunTime:0.0008s ]
INFO: [ app_end ] --START--
INFO: Run Behavior\ShowPageTraceBehavior [ RunTime:0.000711s ]
INFO: [ app_end ] --END-- [ RunTime:0.000777s ]

[ 2016-12-19T12:54:24+08:00 ] ::1 /wwh_shop/index.php/Home/Index/ajaxHistory/goods_id/91.html
INFO: [ app_begin ] --START--
INFO: Run Behavior\ReadHtmlCacheBehavior [ RunTime:0.000592s ]
INFO: [ app_begin ] --END-- [ RunTime:0.000989s ]
NOTIC: [2048] Declaration of Admin\Model\CategoryModel::_before_delete() should be compatible with that of Think\Model::_before_delete() U:\php\phpstudy\WWW\wwh_shop\Application\Admin\Model\CategoryModel.class.php 第 5 行.
SQL: SHOW COLUMNS FROM `wwh_category` [ RunTime:0.0053s ]
SQL: SHOW COLUMNS FROM `wwh_goods` [ RunTime:0.0084s ]
SQL: SELECT `goods_id`,`goods_name`,`sm_goods_img` FROM `wwh_goods` WHERE `goods_id` IN ('91','84','18') ORDER BY FIELD(goods_id,91,84,18) LIMIT 6   [ RunTime:0.0004s ]
INFO: [ app_end ] --START--
INFO: Run Behavior\ShowPageTraceBehavior [ RunTime:0.000870s ]
INFO: [ app_end ] --END-- [ RunTime:0.000940s ]

[ 2016-12-19T13:02:21+08:00 ] ::1 /wwh_shop/index.php/Home/Index/ajaxHistory/goods_id/91.html
INFO: [ app_begin ] --START--
INFO: Run Behavior\ReadHtmlCacheBehavior [ RunTime:0.000593s ]
INFO: [ app_begin ] --END-- [ RunTime:0.000939s ]
NOTIC: [2048] Declaration of Admin\Model\CategoryModel::_before_delete() should be compatible with that of Think\Model::_before_delete() U:\php\phpstudy\WWW\wwh_shop\Application\Admin\Model\CategoryModel.class.php 第 5 行.
SQL: SHOW COLUMNS FROM `wwh_category` [ RunTime:0.0056s ]
SQL: SHOW COLUMNS FROM `wwh_goods` [ RunTime:0.0056s ]
SQL: SELECT `goods_id`,`goods_name`,`sm_goods_img` FROM `wwh_goods` WHERE `goods_id` IN ('91','84','18') ORDER BY FIELD(goods_id,91,84,18) LIMIT 6   [ RunTime:0.0007s ]
INFO: [ app_end ] --START--
INFO: Run Behavior\ShowPageTraceBehavior [ RunTime:0.000869s ]
INFO: [ app_end ] --END-- [ RunTime:0.000938s ]

[ 2016-12-19T13:02:49+08:00 ] ::1 /wwh_shop/index.php/Home/Index/ajaxHistory/goods_id/91.html
INFO: [ app_begin ] --START--
INFO: Run Behavior\ReadHtmlCacheBehavior [ RunTime:0.000581s ]
INFO: [ app_begin ] --END-- [ RunTime:0.000915s ]
NOTIC: [2048] Declaration of Admin\Model\CategoryModel::_before_delete() should be compatible with that of Think\Model::_before_delete() U:\php\phpstudy\WWW\wwh_shop\Application\Admin\Model\CategoryModel.class.php 第 5 行.
SQL: SHOW COLUMNS FROM `wwh_category` [ RunTime:0.0035s ]
SQL: SHOW COLUMNS FROM `wwh_goods` [ RunTime:0.0037s ]
SQL: SELECT `goods_id`,`goods_name`,`sm_goods_img` FROM `wwh_goods` WHERE `goods_id` IN ('91','84','18') ORDER BY FIELD(goods_id,91,84,18) LIMIT 6   [ RunTime:0.0004s ]
INFO: [ app_end ] --START--
INFO: Run Behavior\ShowPageTraceBehavior [ RunTime:0.000792s ]
INFO: [ app_end ] --END-- [ RunTime:0.000857s ]

[ 2016-12-19T13:04:08+08:00 ] ::1 /wwh_shop/index.php/Home/Index/ajaxHistory/goods_id/91.html
INFO: [ app_begin ] --START--
INFO: Run Behavior\ReadHtmlCacheBehavior [ RunTime:0.000565s ]
INFO: [ app_begin ] --END-- [ RunTime:0.000891s ]
NOTIC: [2048] Declaration of Admin\Model\CategoryModel::_before_delete() should be compatible with that of Think\Model::_before_delete() U:\php\phpstudy\WWW\wwh_shop\Application\Admin\Model\CategoryModel.class.php 第 5 行.
SQL: SHOW COLUMNS FROM `wwh_category` [ RunTime:0.0046s ]
SQL: SHOW COLUMNS FROM `wwh_goods` [ RunTime:0.0037s ]
SQL: SELECT `goods_id`,`goods_name`,`sm_goods_img` FROM `wwh_goods` WHERE `goods_id` IN ('91','84','18') ORDER BY FIELD(goods_id,91,84,18) LIMIT 6   [ RunTime:0.0004s ]
INFO: [ app_end ] --START--
INFO: Run Behavior\ShowPageTraceBehavior [ RunTime:0.000816s ]
INFO: [ app_end ] --END-- [ RunTime:0.000880s ]

[ 2016-12-19T13:06:57+08:00 ] ::1 /wwh_shop/index.php/Home/Index/ajaxHistory/goods_id/91.html
INFO: [ app_begin ] --START--
INFO: Run Behavior\ReadHtmlCacheBehavior [ RunTime:0.000573s ]
INFO: [ app_begin ] --END-- [ RunTime:0.000912s ]
NOTIC: [2048] Declaration of Admin\Model\CategoryModel::_before_delete() should be compatible with that of Think\Model::_before_delete() U:\php\phpstudy\WWW\wwh_shop\Application\Admin\Model\CategoryModel.class.php 第 5 行.
SQL: SHOW COLUMNS FROM `wwh_category` [ RunTime:0.0034s ]
SQL: SHOW COLUMNS FROM `wwh_goods` [ RunTime:0.0038s ]
SQL: SELECT `goods_id`,`goods_name`,`sm_goods_img` FROM `wwh_goods` WHERE `goods_id` IN ('91','84','18') ORDER BY FIELD(goods_id,91,84,18) LIMIT 6   [ RunTime:0.0004s ]
INFO: [ app_end ] --START--
INFO: Run Behavior\ShowPageTraceBehavior [ RunTime:0.000780s ]
INFO: [ app_end ] --END-- [ RunTime:0.000844s ]

[ 2016-12-19T13:07:04+08:00 ] ::1 /wwh_shop/index.php/Home/Index/ajaxHistory/goods_id/91.html
INFO: [ app_begin ] --START--
INFO: Run Behavior\ReadHtmlCacheBehavior [ RunTime:0.000712s ]
INFO: [ app_begin ] --END-- [ RunTime:0.001067s ]
NOTIC: [2048] Declaration of Admin\Model\CategoryModel::_before_delete() should be compatible with that of Think\Model::_before_delete() U:\php\phpstudy\WWW\wwh_shop\Application\Admin\Model\CategoryModel.class.php 第 5 行.
SQL: SHOW COLUMNS FROM `wwh_category` [ RunTime:0.0038s ]
SQL: SHOW COLUMNS FROM `wwh_goods` [ RunTime:0.0038s ]
SQL: SELECT `goods_id`,`goods_name`,`sm_goods_img` FROM `wwh_goods` WHERE `goods_id` IN ('91','84','18') ORDER BY FIELD(goods_id,91,84,18) LIMIT 6   [ RunTime:0.0004s ]
INFO: [ app_end ] --START--
INFO: Run Behavior\ShowPageTraceBehavior [ RunTime:0.000830s ]
INFO: [ app_end ] --END-- [ RunTime:0.000894s ]

[ 2016-12-19T13:07:07+08:00 ] ::1 /wwh_shop/index.php/Home/Index/ajaxHistory/goods_id/91.html
INFO: [ app_begin ] --START--
INFO: Run Behavior\ReadHtmlCacheBehavior [ RunTime:0.000558s ]
INFO: [ app_begin ] --END-- [ RunTime:0.000877s ]
NOTIC: [2048] Declaration of Admin\Model\CategoryModel::_before_delete() should be compatible with that of Think\Model::_before_delete() U:\php\phpstudy\WWW\wwh_shop\Application\Admin\Model\CategoryModel.class.php 第 5 行.
SQL: SHOW COLUMNS FROM `wwh_category` [ RunTime:0.0034s ]
SQL: SHOW COLUMNS FROM `wwh_goods` [ RunTime:0.0051s ]
SQL: SELECT `goods_id`,`goods_name`,`sm_goods_img` FROM `wwh_goods` WHERE `goods_id` IN ('91','84','18') ORDER BY FIELD(goods_id,91,84,18) LIMIT 6   [ RunTime:0.0004s ]
INFO: [ app_end ] --START--
INFO: Run Behavior\ShowPageTraceBehavior [ RunTime:0.000828s ]
INFO: [ app_end ] --END-- [ RunTime:0.000895s ]

[ 2016-12-19T13:07:43+08:00 ] ::1 /wwh_shop/index.php/Home/Index/ajaxHistory/goods_id/91.html
INFO: [ app_begin ] --START--
INFO: Run Behavior\ReadHtmlCacheBehavior [ RunTime:0.000577s ]
INFO: [ app_begin ] --END-- [ RunTime:0.000904s ]
NOTIC: [2048] Declaration of Admin\Model\CategoryModel::_before_delete() should be compatible with that of Think\Model::_before_delete() U:\php\phpstudy\WWW\wwh_shop\Application\Admin\Model\CategoryModel.class.php 第 5 行.
SQL: SHOW COLUMNS FROM `wwh_category` [ RunTime:0.0122s ]
SQL: SHOW COLUMNS FROM `wwh_goods` [ RunTime:0.0037s ]
SQL: SELECT `goods_id`,`goods_name`,`sm_goods_img` FROM `wwh_goods` WHERE `goods_id` IN ('91','84','18') ORDER BY FIELD(goods_id,91,84,18) LIMIT 6   [ RunTime:0.0004s ]
INFO: [ app_end ] --START--
INFO: Run Behavior\ShowPageTraceBehavior [ RunTime:0.000982s ]
INFO: [ app_end ] --END-- [ RunTime:0.001117s ]

[ 2016-12-19T13:07:52+08:00 ] ::1 /wwh_shop/index.php/Home/Index/ajaxHistory/goods_id/18.html
INFO: [ app_begin ] --START--
INFO: Run Behavior\ReadHtmlCacheBehavior [ RunTime:0.000594s ]
INFO: [ app_begin ] --END-- [ RunTime:0.001042s ]
NOTIC: [2048] Declaration of Admin\Model\CategoryModel::_before_delete() should be compatible with that of Think\Model::_before_delete() U:\php\phpstudy\WWW\wwh_shop\Application\Admin\Model\CategoryModel.class.php 第 5 行.
SQL: SHOW COLUMNS FROM `wwh_category` [ RunTime:0.0066s ]
SQL: SHOW COLUMNS FROM `wwh_goods` [ RunTime:0.0073s ]
SQL: SELECT `goods_id`,`goods_name`,`sm_goods_img` FROM `wwh_goods` WHERE `goods_id` IN ('18','91','84') ORDER BY FIELD(goods_id,18,91,84) LIMIT 6   [ RunTime:0.0006s ]
INFO: [ app_end ] --START--
INFO: Run Behavior\ShowPageTraceBehavior [ RunTime:0.000897s ]
INFO: [ app_end ] --END-- [ RunTime:0.000964s ]

[ 2016-12-19T13:08:02+08:00 ] ::1 /wwh_shop/index.php/Home/Index/ajaxHistory/goods_id/73.html
INFO: [ app_begin ] --START--
INFO: Run Behavior\ReadHtmlCacheBehavior [ RunTime:0.000779s ]
INFO: [ app_begin ] --END-- [ RunTime:0.001237s ]
NOTIC: [2048] Declaration of Admin\Model\CategoryModel::_before_delete() should be compatible with that of Think\Model::_before_delete() U:\php\phpstudy\WWW\wwh_shop\Application\Admin\Model\CategoryModel.class.php 第 5 行.
SQL: SHOW COLUMNS FROM `wwh_category` [ RunTime:0.0067s ]
SQL: SHOW COLUMNS FROM `wwh_goods` [ RunTime:0.0039s ]
SQL: SELECT `goods_id`,`goods_name`,`sm_goods_img` FROM `wwh_goods` WHERE `goods_id` IN ('73','18','91','84') ORDER BY FIELD(goods_id,73,18,91,84) LIMIT 6   [ RunTime:0.0004s ]
INFO: [ app_end ] --START--
INFO: Run Behavior\ShowPageTraceBehavior [ RunTime:0.000713s ]
INFO: [ app_end ] --END-- [ RunTime:0.000777s ]

[ 2016-12-19T13:08:08+08:00 ] ::1 /wwh_shop/index.php/Home/Index/ajaxHistory/goods_id/73.html
INFO: [ app_begin ] --START--
INFO: Run Behavior\ReadHtmlCacheBehavior [ RunTime:0.000610s ]
INFO: [ app_begin ] --END-- [ RunTime:0.000967s ]
NOTIC: [2048] Declaration of Admin\Model\CategoryModel::_before_delete() should be compatible with that of Think\Model::_before_delete() U:\php\phpstudy\WWW\wwh_shop\Application\Admin\Model\CategoryModel.class.php 第 5 行.
SQL: SHOW COLUMNS FROM `wwh_category` [ RunTime:0.0068s ]
SQL: SHOW COLUMNS FROM `wwh_goods` [ RunTime:0.0121s ]
SQL: SELECT `goods_id`,`goods_name`,`sm_goods_img` FROM `wwh_goods` WHERE `goods_id` IN ('73','18','91','84') ORDER BY FIELD(goods_id,73,18,91,84) LIMIT 6   [ RunTime:0.0006s ]
INFO: [ app_end ] --START--
INFO: Run Behavior\ShowPageTraceBehavior [ RunTime:0.000817s ]
INFO: [ app_end ] --END-- [ RunTime:0.000881s ]

[ 2016-12-19T13:08:11+08:00 ] ::1 /wwh_shop/index.php/Home/Index/ajaxHistory/goods_id/18.html
INFO: [ app_begin ] --START--
INFO: Run Behavior\ReadHtmlCacheBehavior [ RunTime:0.000580s ]
INFO: [ app_begin ] --END-- [ RunTime:0.000921s ]
NOTIC: [2048] Declaration of Admin\Model\CategoryModel::_before_delete() should be compatible with that of Think\Model::_before_delete() U:\php\phpstudy\WWW\wwh_shop\Application\Admin\Model\CategoryModel.class.php 第 5 行.
SQL: SHOW COLUMNS FROM `wwh_category` [ RunTime:0.0040s ]
SQL: SHOW COLUMNS FROM `wwh_goods` [ RunTime:0.0052s ]
SQL: SELECT `goods_id`,`goods_name`,`sm_goods_img` FROM `wwh_goods` WHERE `goods_id` IN ('18','73','91','84') ORDER BY FIELD(goods_id,18,73,91,84) LIMIT 6   [ RunTime:0.0004s ]
INFO: [ app_end ] --START--
INFO: Run Behavior\ShowPageTraceBehavior [ RunTime:0.000659s ]
INFO: [ app_end ] --END-- [ RunTime:0.000723s ]

