[ 2016-12-22T10:32:33+08:00 ] 127.0.0.1 /wwh_shop/Public/Home/images/zoomloader.gif
ERR: 无法加载模块:Public

[ 2016-12-22T10:48:26+08:00 ] 127.0.0.1 /wwh_shop/Public/Home/images/zoomloader.gif
ERR: 无法加载模块:Public

[ 2016-12-22T10:49:49+08:00 ] 127.0.0.1 /wwh_shop/Public/Home/images/zoomloader.gif
ERR: 无法加载模块:Public

[ 2016-12-22T10:50:12+08:00 ] 127.0.0.1 /wwh_shop/Public/Home/images/zoomloader.gif
ERR: 无法加载模块:Public

[ 2016-12-22T10:50:40+08:00 ] 127.0.0.1 /wwh_shop/Public/Home/images/zoomloader.gif
ERR: 无法加载模块:Public

[ 2016-12-22T10:52:15+08:00 ] 127.0.0.1 /wwh_shop/Public/Home/images/zoomloader.gif
ERR: 无法加载模块:Public

[ 2016-12-22T10:53:05+08:00 ] 127.0.0.1 /wwh_shop/Public/Home/images/zoomloader.gif
ERR: 无法加载模块:Public

[ 2016-12-22T10:54:11+08:00 ] 127.0.0.1 /wwh_shop/Public/Home/images/zoomloader.gif
ERR: 无法加载模块:Public

[ 2016-12-22T10:54:55+08:00 ] 127.0.0.1 /wwh_shop/Public/Home/images/zoomloader.gif
ERR: 无法加载模块:Public

[ 2016-12-22T10:55:15+08:00 ] 127.0.0.1 /wwh_shop/Public/Home/images/zoomloader.gif
ERR: 无法加载模块:Public

[ 2016-12-22T10:56:02+08:00 ] 127.0.0.1 /wwh_shop/Public/Home/images/zoomloader.gif
ERR: 无法加载模块:Public

[ 2016-12-22T10:56:30+08:00 ] 127.0.0.1 /wwh_shop/Public/Home/images/zoomloader.gif
ERR: 无法加载模块:Public

[ 2016-12-22T10:56:31+08:00 ] 127.0.0.1 /wwh_shop/Public/Home/images/zoomloader.gif
ERR: 无法加载模块:Public

[ 2016-12-22T10:56:34+08:00 ] 127.0.0.1 /wwh_shop/Public/Home/images/zoomloader.gif
ERR: 无法加载模块:Public

[ 2016-12-22T10:56:48+08:00 ] 127.0.0.1 /wwh_shop/Public/Home/images/zoomloader.gif
ERR: 无法加载模块:Public

[ 2016-12-22T10:58:22+08:00 ] 127.0.0.1 /wwh_shop/Public/Home/images/zoomloader.gif
ERR: 无法加载模块:Public

[ 2016-12-22T10:58:45+08:00 ] 127.0.0.1 /wwh_shop/Public/Home/images/zoomloader.gif
ERR: 无法加载模块:Public

[ 2016-12-22T10:58:54+08:00 ] 127.0.0.1 /wwh_shop/Public/Home/images/zoomloader.gif
ERR: 无法加载模块:Public

[ 2016-12-22T10:59:14+08:00 ] 127.0.0.1 /wwh_shop/Public/Home/images/zoomloader.gif
ERR: 无法加载模块:Public

[ 2016-12-22T10:59:35+08:00 ] 127.0.0.1 /wwh_shop/Public/Home/images/zoomloader.gif
ERR: 无法加载模块:Public

[ 2016-12-22T10:59:37+08:00 ] 127.0.0.1 /wwh_shop/Public/Home/images/zoomloader.gif
ERR: 无法加载模块:Public

[ 2016-12-22T11:00:00+08:00 ] 127.0.0.1 /wwh_shop/Public/Home/images/zoomloader.gif
ERR: 无法加载模块:Public

[ 2016-12-22T11:00:02+08:00 ] 127.0.0.1 /wwh_shop/Public/Home/images/zoomloader.gif
ERR: 无法加载模块:Public

[ 2016-12-22T11:00:06+08:00 ] 127.0.0.1 /wwh_shop/Public/Home/images/zoomloader.gif
ERR: 无法加载模块:Public

[ 2016-12-22T11:00:08+08:00 ] 127.0.0.1 /wwh_shop/Public/Home/images/zoomloader.gif
ERR: 无法加载模块:Public

[ 2016-12-22T11:00:23+08:00 ] 127.0.0.1 /wwh_shop/Public/Home/images/zoomloader.gif
ERR: 无法加载模块:Public

[ 2016-12-22T11:00:24+08:00 ] 127.0.0.1 /wwh_shop/Public/Home/images/zoomloader.gif
ERR: 无法加载模块:Public

[ 2016-12-22T11:01:13+08:00 ] 127.0.0.1 /wwh_shop/Public/Home/images/zoomloader.gif
ERR: 无法加载模块:Public

[ 2016-12-22T11:01:15+08:00 ] 127.0.0.1 /wwh_shop/Public/Home/images/zoomloader.gif
ERR: 无法加载模块:Public

[ 2016-12-22T11:02:56+08:00 ] 127.0.0.1 /wwh_shop/Public/Home/images/zoomloader.gif
ERR: 无法加载模块:Public

[ 2016-12-22T11:03:25+08:00 ] 127.0.0.1 /wwh_shop/Public/Home/images/zoomloader.gif
ERR: 无法加载模块:Public

[ 2016-12-22T11:03:39+08:00 ] 127.0.0.1 /wwh_shop/Public/Home/images/zoomloader.gif
ERR: 无法加载模块:Public

[ 2016-12-22T11:03:55+08:00 ] 127.0.0.1 /wwh_shop/Public/Home/images/zoomloader.gif
ERR: 无法加载模块:Public

[ 2016-12-22T11:05:46+08:00 ] 127.0.0.1 /wwh_shop/Public/Home/images/zoomloader.gif
ERR: 无法加载模块:Public

[ 2016-12-22T11:08:32+08:00 ] 127.0.0.1 /wwh_shop/Public/Home/images/zoomloader.gif
ERR: 无法加载模块:Public

[ 2016-12-22T11:08:33+08:00 ] 127.0.0.1 /wwh_shop/Public/Home/images/zoomloader.gif
ERR: 无法加载模块:Public

[ 2016-12-22T11:08:46+08:00 ] 127.0.0.1 /wwh_shop/Public/Home/images/zoomloader.gif
ERR: 无法加载模块:Public

[ 2016-12-22T11:08:56+08:00 ] 127.0.0.1 /wwh_shop/Public/Home/images/zoomloader.gif
ERR: 无法加载模块:Public

[ 2016-12-22T11:14:34+08:00 ] 127.0.0.1 /wwh_shop/Public/Home/images/zoomloader.gif
ERR: 无法加载模块:Public

[ 2016-12-22T11:16:55+08:00 ] 127.0.0.1 /wwh_shop/Public/Home/images/zoomloader.gif
ERR: 无法加载模块:Public

[ 2016-12-22T11:17:40+08:00 ] 127.0.0.1 /wwh_shop/Public/Home/images/zoomloader.gif
ERR: 无法加载模块:Public

[ 2016-12-22T11:18:38+08:00 ] 127.0.0.1 /wwh_shop/Public/Home/images/zoomloader.gif
ERR: 无法加载模块:Public

[ 2016-12-22T11:19:33+08:00 ] 127.0.0.1 /wwh_shop/Public/Home/images/zoomloader.gif
ERR: 无法加载模块:Public

[ 2016-12-22T11:22:04+08:00 ] 127.0.0.1 /wwh_shop/ceshi.php
ERR: 无法加载模块:Ceshi

[ 2016-12-22T11:22:32+08:00 ] 127.0.0.1 /wwh_shop/ceshi
ERR: 无法加载模块:Ceshi

[ 2016-12-22T11:23:09+08:00 ] 127.0.0.1 /wwh_shop/Public/Home/images/zoomloader.gif
ERR: 无法加载模块:Public

[ 2016-12-22T11:24:56+08:00 ] 127.0.0.1 /wwh_shop/Public/Home/images/zoomloader.gif
ERR: 无法加载模块:Public

[ 2016-12-22T11:26:34+08:00 ] 127.0.0.1 /wwh_shop/Public/Home/images/zoomloader.gif
ERR: 无法加载模块:Public

[ 2016-12-22T11:26:43+08:00 ] 127.0.0.1 /wwh_shop/Public/Home/images/zoomloader.gif
ERR: 无法加载模块:Public

[ 2016-12-22T11:27:20+08:00 ] 127.0.0.1 /wwh_shop/Public/Home/images/zoomloader.gif
ERR: 无法加载模块:Public

[ 2016-12-22T11:27:38+08:00 ] 127.0.0.1 /wwh_shop/Public/Home/images/zoomloader.gif
ERR: 无法加载模块:Public

[ 2016-12-22T11:41:46+08:00 ] 127.0.0.1 /wwh_shop/Public/Home/images/zoomloader.gif
ERR: 无法加载模块:Public

[ 2016-12-22T11:42:29+08:00 ] 127.0.0.1 /wwh_shop/Public/Home/images/zoomloader.gif
ERR: 无法加载模块:Public

[ 2016-12-22T11:44:05+08:00 ] 127.0.0.1 /wwh_shop/Public/Home/images/zoomloader.gif
ERR: 无法加载模块:Public

[ 2016-12-22T11:44:54+08:00 ] 127.0.0.1 /wwh_shop/Public/Home/images/zoomloader.gif
ERR: 无法加载模块:Public

[ 2016-12-22T11:45:49+08:00 ] 127.0.0.1 /wwh_shop/Public/Home/images/zoomloader.gif
ERR: 无法加载模块:Public

[ 2016-12-22T11:47:30+08:00 ] 127.0.0.1 /wwh_shop/Public/Home/images/zoomloader.gif
ERR: 无法加载模块:Public

[ 2016-12-22T11:47:41+08:00 ] 127.0.0.1 /wwh_shop/Public/Home/images/zoomloader.gif
ERR: 无法加载模块:Public

[ 2016-12-22T11:47:51+08:00 ] 127.0.0.1 /wwh_shop/Public/Home/images/zoomloader.gif
ERR: 无法加载模块:Public

[ 2016-12-22T11:48:01+08:00 ] 127.0.0.1 /wwh_shop/Public/Home/images/zoomloader.gif
ERR: 无法加载模块:Public

[ 2016-12-22T11:48:40+08:00 ] 127.0.0.1 /wwh_shop/Public/Home/images/zoomloader.gif
ERR: 无法加载模块:Public

[ 2016-12-22T11:48:48+08:00 ] 127.0.0.1 /wwh_shop/Public/Home/images/zoomloader.gif
ERR: 无法加载模块:Public

[ 2016-12-22T11:49:52+08:00 ] 127.0.0.1 /wwh_shop/Public/Home/images/zoomloader.gif
ERR: 无法加载模块:Public

[ 2016-12-22T15:33:10+08:00 ] 127.0.0.1 /wwh_shop/Public/Home/images/zoomloader.gif
ERR: 无法加载模块:Public

[ 2016-12-22T15:38:26+08:00 ] 127.0.0.1 /wwh_shop/Public/Home/images/zoomloader.gif
ERR: 无法加载模块:Public

[ 2016-12-22T15:51:48+08:00 ] 127.0.0.1 /wwh_shop/Public/Home/images/zoomloader.gif
ERR: 无法加载模块:Public

[ 2016-12-22T15:59:54+08:00 ] 127.0.0.1 /wwh_shop/Public/Home/images/zoomloader.gif
ERR: 无法加载模块:Public

[ 2016-12-22T16:01:59+08:00 ] 127.0.0.1 /wwh_shop/Public/Home/images/zoomloader.gif
ERR: 无法加载模块:Public

[ 2016-12-22T16:33:21+08:00 ] ::1 /wwh_shop/Public/Home/images/zoomloader.gif
ERR: 无法加载模块:Public

[ 2016-12-22T16:33:34+08:00 ] ::1 /wwh_shop/Public/Home/images/zoomloader.gif
ERR: 无法加载模块:Public

[ 2016-12-22T16:35:09+08:00 ] ::1 /wwh_shop/Public/Home/images/zoomloader.gif
ERR: 无法加载模块:Public

[ 2016-12-22T19:13:37+08:00 ] ::1 /wwh_shop/Public/Home/images/zoomloader.gif
ERR: 无法加载模块:Public

[ 2016-12-22T19:48:11+08:00 ] ::1 /wwh_shop/Public/Home/images/zoomloader.gif
ERR: 无法加载模块:Public

[ 2016-12-22T19:48:22+08:00 ] ::1 /wwh_shop/Public/Home/images/zoomloader.gif
ERR: 无法加载模块:Public

[ 2016-12-22T19:48:38+08:00 ] ::1 /wwh_shop/Public/Home/images/zoomloader.gif
ERR: 无法加载模块:Public

[ 2016-12-22T20:40:16+08:00 ] ::1 /wwh_shop/Public/Home/images/zoomloader.gif
ERR: 无法加载模块:Public

[ 2016-12-22T20:40:29+08:00 ] ::1 /wwh_shop/Public/Home/images/zoomloader.gif
ERR: 无法加载模块:Public

[ 2016-12-22T20:40:40+08:00 ] ::1 /wwh_shop/Public/Home/images/zoomloader.gif
ERR: 无法加载模块:Public

[ 2016-12-22T20:40:50+08:00 ] ::1 /wwh_shop/Public/Home/images/zoomloader.gif
ERR: 无法加载模块:Public

[ 2016-12-22T20:41:02+08:00 ] ::1 /wwh_shop/Public/Home/images/zoomloader.gif
ERR: 无法加载模块:Public

[ 2016-12-22T20:41:13+08:00 ] ::1 /wwh_shop/Public/Home/images/zoomloader.gif
ERR: 无法加载模块:Public

[ 2016-12-22T21:51:53+08:00 ] ::1 /wwh_shop/Public/Home/images/zoomloader.gif
ERR: 无法加载模块:Public

[ 2016-12-22T21:51:58+08:00 ] ::1 /wwh_shop/Public/Home/images/zoomloader.gif
ERR: 无法加载模块:Public

[ 2016-12-22T22:14:39+08:00 ] ::1 /wwh_shop/Public/Home/images/zoomloader.gif
ERR: 无法加载模块:Public

[ 2016-12-22T22:15:59+08:00 ] ::1 /wwh_shop/Public/Home/images/zoomloader.gif
ERR: 无法加载模块:Public

[ 2016-12-22T22:56:17+08:00 ] ::1 /wwh_shop/Public/Home/images/zoomloader.gif
ERR: 无法加载模块:Public

[ 2016-12-22T22:56:23+08:00 ] ::1 /wwh_shop/Public/Home/images/zoomloader.gif
ERR: 无法加载模块:Public

[ 2016-12-22T22:56:29+08:00 ] ::1 /wwh_shop/Public/Home/images/zoomloader.gif
ERR: 无法加载模块:Public

[ 2016-12-22T22:57:38+08:00 ] ::1 /wwh_shop/Public/Home/images/zoomloader.gif
ERR: 无法加载模块:Public

[ 2016-12-22T22:57:51+08:00 ] ::1 /wwh_shop/Public/Home/images/zoomloader.gif
ERR: 无法加载模块:Public

[ 2016-12-22T22:59:21+08:00 ] ::1 /wwh_shop/Public/Home/images/zoomloader.gif
ERR: 无法加载模块:Public

[ 2016-12-22T22:59:41+08:00 ] ::1 /wwh_shop/Public/Home/images/zoomloader.gif
ERR: 无法加载模块:Public

[ 2016-12-22T23:00:30+08:00 ] ::1 /wwh_shop/Public/Home/images/zoomloader.gif
ERR: 无法加载模块:Public

[ 2016-12-22T23:00:48+08:00 ] ::1 /wwh_shop/Public/Home/images/zoomloader.gif
ERR: 无法加载模块:Public

[ 2016-12-22T23:02:26+08:00 ] ::1 /wwh_shop/Public/Home/images/zoomloader.gif
ERR: 无法加载模块:Public

[ 2016-12-22T23:03:57+08:00 ] ::1 /wwh_shop/Public/Home/images/zoomloader.gif
ERR: 无法加载模块:Public

[ 2016-12-22T23:04:02+08:00 ] ::1 /wwh_shop/Public/Home/images/zoomloader.gif
ERR: 无法加载模块:Public

[ 2016-12-22T23:04:45+08:00 ] ::1 /wwh_shop/Public/Home/images/zoomloader.gif
ERR: 无法加载模块:Public

[ 2016-12-22T23:05:32+08:00 ] ::1 /wwh_shop/Public/Home/images/zoomloader.gif
ERR: 无法加载模块:Public

[ 2016-12-22T23:06:07+08:00 ] ::1 /wwh_shop/Public/Home/images/zoomloader.gif
ERR: 无法加载模块:Public

[ 2016-12-22T23:06:26+08:00 ] ::1 /wwh_shop/Public/Home/images/zoomloader.gif
ERR: 无法加载模块:Public

[ 2016-12-22T23:06:47+08:00 ] ::1 /wwh_shop/Public/Home/images/zoomloader.gif
ERR: 无法加载模块:Public

[ 2016-12-22T23:07:49+08:00 ] ::1 /wwh_shop/Public/Home/images/zoomloader.gif
ERR: 无法加载模块:Public

[ 2016-12-22T23:08:16+08:00 ] ::1 /wwh_shop/Public/Home/images/zoomloader.gif
ERR: 无法加载模块:Public

[ 2016-12-22T23:12:18+08:00 ] ::1 /wwh_shop/Public/Home/images/zoomloader.gif
ERR: 无法加载模块:Public

[ 2016-12-22T23:14:15+08:00 ] ::1 /wwh_shop/Public/Home/images/zoomloader.gif
ERR: 无法加载模块:Public

[ 2016-12-22T23:14:30+08:00 ] ::1 /wwh_shop/Public/Home/images/zoomloader.gif
ERR: 无法加载模块:Public

[ 2016-12-22T23:14:52+08:00 ] ::1 /wwh_shop/Public/Home/images/zoomloader.gif
ERR: 无法加载模块:Public

[ 2016-12-22T23:14:59+08:00 ] ::1 /wwh_shop/Public/Home/images/zoomloader.gif
ERR: 无法加载模块:Public

[ 2016-12-22T23:19:35+08:00 ] ::1 /wwh_shop/Public/Home/images/zoomloader.gif
ERR: 无法加载模块:Public

[ 2016-12-22T23:27:13+08:00 ] ::1 /wwh_shop/Public/Home/images/zoomloader.gif
ERR: 无法加载模块:Public

[ 2016-12-22T23:27:46+08:00 ] ::1 /wwh_shop/Public/Home/images/zoomloader.gif
ERR: 无法加载模块:Public

[ 2016-12-22T23:28:53+08:00 ] ::1 /wwh_shop/Public/Home/images/zoomloader.gif
ERR: 无法加载模块:Public

[ 2016-12-22T23:29:14+08:00 ] ::1 /wwh_shop/Public/Home/images/zoomloader.gif
ERR: 无法加载模块:Public

[ 2016-12-22T23:29:41+08:00 ] ::1 /wwh_shop/Public/Home/images/zoomloader.gif
ERR: 无法加载模块:Public

[ 2016-12-22T23:29:45+08:00 ] ::1 /wwh_shop/Public/Home/images/zoomloader.gif
ERR: 无法加载模块:Public

[ 2016-12-22T23:36:24+08:00 ] ::1 /wwh_shop/Public/Home/images/zoomloader.gif
ERR: 无法加载模块:Public

[ 2016-12-22T23:37:06+08:00 ] ::1 /wwh_shop/Public/Home/images/zoomloader.gif
ERR: 无法加载模块:Public

[ 2016-12-22T23:37:19+08:00 ] ::1 /wwh_shop/Public/Home/images/zoomloader.gif
ERR: 无法加载模块:Public

