[ 2016-12-14T18:21:08+08:00 ] ::1 /wwh_shop/style/index.css
ERR: 无法加载模块:Style

[ 2016-12-14T18:21:08+08:00 ] ::1 /wwh_shop/js/index.js
ERR: 无法加载模块:Js

[ 2016-12-14T18:21:08+08:00 ] ::1 /wwh_shop/images/index_slide3.jpg
ERR: 无法加载模块:Images

[ 2016-12-14T18:21:08+08:00 ] ::1 /wwh_shop/images/index_slide1.jpg
ERR: 无法加载模块:Images

[ 2016-12-14T18:21:08+08:00 ] ::1 /wwh_shop/images/index_slide2.jpg
ERR: 无法加载模块:Images

[ 2016-12-14T18:21:08+08:00 ] ::1 /wwh_shop/images/index_slide6.jpg
ERR: 无法加载模块:Images

[ 2016-12-14T18:21:08+08:00 ] ::1 /wwh_shop/images/index_slide4.jpg
ERR: 无法加载模块:Images

[ 2016-12-14T18:21:08+08:00 ] ::1 /wwh_shop/images/ad.jpg
ERR: 无法加载模块:Images

[ 2016-12-14T18:21:08+08:00 ] ::1 /wwh_shop/images/scenic.jpg
ERR: 无法加载模块:Images

es

[ 2016-12-14T18:21:08+08:00 ] ::1 /wwh_shop/images/holiday.jpg
ERR: 无法加载模块:Images

[ 2016-12-14T18:21:08+08:00 ] ::1 /wwh_shop/images/sanguo.jpg
ERR: 无法加载模块:Images

[ 2016-12-14T18:21:08+08:00 ] ::1 /wwh_shop/images/taohua.jpg
ERR: 无法加载模块:Images

[ 2016-12-14T18:21:08+08:00 ] ::1 /wwh_shop/images/lottery.jpg
ERR: 无法加载模块:Images

[ 2016-12-14T18:21:08+08:00 ] ::1 /wwh_shop/images/crazy2.jpg
ERR: 无法加载模块:Images

[ 2016-12-14T18:21:08+08:00 ] ::1 /wwh_shop/images/crazy3.jpg
ERR: 无法加载模块:Images

[ 2016-12-14T18:21:08+08:00 ] ::1 /wwh_shop/images/crazy4.jpg
ERR: 无法加载模块:Images

[ 2016-12-14T18:21:08+08:00 ] ::1 /wwh_shop/images/crazy5.jpg
ERR: 无法加载模块:Images

[ 2016-12-14T18:21:08+08:00 ] ::1 /wwh_shop/images/hot1.jpg
ERR: 无法加载模块:Images

[ 2016-12-14T18:21:08+08:00 ] ::1 /wwh_shop/images/wulin.jpg
ERR: 无法加载模块:Images

Images

[ 2016-12-14T18:21:08+08:00 ] ::1 /wwh_shop/images/seagate.jpg
ERR: 无法加载模块:Images

[ 2016-12-14T18:21:08+08:00 ] ::1 /wwh_shop/images/crazy1.jpg
ERR: 无法加载模块:Images

[ 2016-12-14T18:21:08+08:00 ] ::1 /wwh_shop/images/acer.gif
ERR: 无法加载模块:Images

[ 2016-12-14T18:21:08+08:00 ] ::1 /wwh_shop/images/lenove.jpg
ERR: 无法加载模块:Images

[ 2016-12-14T18:21:08+08:00 ] ::1 /wwh_shop/images/dell.gif
ERR: 无法加载模块:Images

[ 2016-12-14T18:21:08+08:00 ] ::1 /wwh_shop/images/fujitsu.jpg
ERR: 无法加载模块:Images

[ 2016-12-14T18:21:08+08:00 ] ::1 /wwh_shop/images/dlink.gif
ERR: 无法加载模块:Images

[ 2016-12-14T18:21:08+08:00 ] ::1 /wwh_shop/images/lh531.jpg
ERR: 无法加载模块:Images

es

[ 2016-12-14T18:21:08+08:00 ] ::1 /wwh_shop/images/viewsonic.jpg
ERR: 无法加载模块:Images

[ 2016-12-14T18:21:08+08:00 ] ::1 /wwh_shop/images/samsung.jpg
ERR: 无法加载模块:Images

[ 2016-12-14T18:21:08+08:00 ] ::1 /wwh_shop/images/intel.jpg
ERR: 无法加载模块:Images

[ 2016-12-14T18:21:08+08:00 ] ::1 /wwh_shop/images/qinghuax2.jpg
ERR: 无法加载模块:Images

[ 2016-12-14T18:21:08+08:00 ] ::1 /wwh_shop/images/acer4739.jpg
ERR: 无法加载模块:Images

[ 2016-12-14T18:21:08+08:00 ] ::1 /wwh_shop/images/notebook.jpg
ERR: 无法加载模块:Images

[ 2016-12-14T18:21:08+08:00 ] ::1 /wwh_shop/images/hp.jpg
ERR: 无法加载模块:Images

[ 2016-12-14T18:21:08+08:00 ] ::1 /wwh_shop/images/samsung.gif
ERR: 无法加载模块:Images

[ 2016-12-14T18:21:08+08:00 ] ::1 /wwh_shop/images/hot2.jpg
ERR: 无法加载模块:Images

[ 2016-12-14T18:21:08+08:00 ] ::1 /wwh_shop/images/hot3.jpg
ERR: 无法加载模块:Images

[ 2016-12-14T18:21:08+08:00 ] ::1 /wwh_shop/images/recommend1.jpg
ERR: 无法加载模块:Images

[ 2016-12-14T18:21:08+08:00 ] ::1 /wwh_shop/images/recommend2.jpg
ERR: 无法加载模块:Images

[ 2016-12-14T18:21:08+08:00 ] ::1 /wwh_shop/images/new1.jpg
ERR: 无法加载模块:Images

[ 2016-12-14T18:21:08+08:00 ] ::1 /wwh_shop/images/new2.jpg
ERR: 无法加载模块:Images

[ 2016-12-14T18:21:08+08:00 ] ::1 /wwh_shop/images/new3.jpg
ERR: 无法加载模块:Images

[ 2016-12-14T18:21:08+08:00 ] ::1 /wwh_shop/images/guess1.jpg
ERR: 无法加载模块:Images

[ 2016-12-14T18:21:08+08:00 ] ::1 /wwh_shop/images/guess2.jpg
ERR: 无法加载模块:Images

[ 2016-12-14T18:21:08+08:00 ] ::1 /wwh_shop/images/recommend3.jpg
ERR: 无法加载模块:Images

[ 2016-12-14T18:21:08+08:00 ] ::1 /wwh_shop/images/hpG4.jpg
ERR: 无法加载模块:Images

[ 2016-12-14T18:21:09+08:00 ] ::1 /wwh_shop/images/guess3.jpg
ERR: 无法加载模块:Images

