[ 2016-12-01T11:36:58+08:00 ] 127.0.0.1 /wwh_shop/Public/Uploads/Goods/2016-11-30/thumb_0_583ea26ad880a.jpg
ERR: 无法加载模块:Public

[ 2016-12-01T11:37:23+08:00 ] 127.0.0.1 /wwh_shop/Public/Uploads/Goods/2016-11-30/thumb_0_583ea26ad880a.jpg
ERR: 无法加载模块:Public

[ 2016-12-01T11:39:30+08:00 ] 127.0.0.1 /wwh_shop/Public/Uploads/Goods/2016-11-30/thumb_0_583ea26ad880a.jpg
ERR: 无法加载模块:Public

[ 2016-12-01T11:41:58+08:00 ] 127.0.0.1 /wwh_shop/Public/Uploads/Goods/2016-11-30/thumb_0_583ea26ad880a.jpg
ERR: 无法加载模块:Public

[ 2016-12-01T11:42:20+08:00 ] 127.0.0.1 /wwh_shop/Public/Uploads/Goods/2016-11-30/thumb_0_583ea26ad880a.jpg
ERR: 无法加载模块:Public

[ 2016-12-01T11:47:45+08:00 ] 127.0.0.1 /wwh_shop/Public/Uploads/Goods/2016-11-30/thumb_0_583ea26ad880a.jpg
ERR: 无法加载模块:Public

[ 2016-12-01T11:48:09+08:00 ] 127.0.0.1 /wwh_shop/Public/Uploads/Goods/2016-11-30/thumb_0_583ea26ad880a.jpg
ERR: 无法加载模块:Public

[ 2016-12-01T11:48:18+08:00 ] 127.0.0.1 /wwh_shop/Public/Uploads/Goods/2016-11-30/thumb_0_583ea26ad880a.jpg
ERR: 无法加载模块:Public

[ 2016-12-01T12:36:06+08:00 ] ::1 /wwh_shop/Public/Uploads/Goods/2016-11-30/thumb_0_583ea26ad880a.jpg
ERR: 无法加载模块:Public

[ 2016-12-01T12:36:19+08:00 ] ::1 /wwh_shop/Public/Uploads/Goods/2016-11-30/thumb_0_583ea26ad880a.jpg
ERR: 无法加载模块:Public

[ 2016-12-01T12:36:22+08:00 ] ::1 /wwh_shop/Public/Uploads/Goods/2016-11-30/thumb_1_583ea26ad880a.jpg
ERR: 无法加载模块:Public

[ 2016-12-01T12:36:31+08:00 ] ::1 /wwh_shop/Public/Uploads/Goods/2016-11-30/thumb_0_583ea26ad880a.jpg
ERR: 无法加载模块:Public

[ 2016-12-01T12:36:36+08:00 ] ::1 /wwh_shop/Public/Uploads/Goods/2016-11-30/thumb_0_583ea26ad880a.jpg
ERR: 无法加载模块:Public

[ 2016-12-01T12:36:51+08:00 ] ::1 /wwh_shop/Public/Uploads/Goods/2016-11-30/thumb_0_583ea26ad880a.jpg
ERR: 无法加载模块:Public

[ 2016-12-01T12:39:50+08:00 ] ::1 /wwh_shop/index.php/Index
ERR: 无法加载模块:Index

[ 2016-12-01T12:40:44+08:00 ] ::1 /wwh_shop/index.phpAdmin/Index/index
ERR: 无法加载模块:Index.phpAdmin

[ 2016-12-01T12:44:04+08:00 ] ::1 /wwh_shop/Public/Uploads/Goods/2016-11-30/thumb_0_583ea26ad880a.jpg
ERR: 无法加载模块:Public

[ 2016-12-01T12:44:31+08:00 ] ::1 /wwh_shop/Public/Uploads/Goods/2016-11-30/thumb_0_583ea26ad880a.jpg
ERR: 无法加载模块:Public

[ 2016-12-01T12:44:45+08:00 ] ::1 /wwh_shop/Public/Uploads/Goods/2016-11-30/thumb_0_583ea26ad880a.jpg
ERR: 无法加载模块:Public

[ 2016-12-01T13:07:27+08:00 ] ::1 /wwh_shop/Public/Uploads/Goods/2016-11-30/thumb_0_583ea26ad880a.jpg
ERR: 无法加载模块:Public

[ 2016-12-01T14:59:46+08:00 ] 127.0.0.1 /wwh_shop/Public/Uploads/brand_id
ERR: 无法加载模块:Public

[ 2016-12-01T14:59:46+08:00 ] 127.0.0.1 /wwh_shop/Public/Uploads/Goods/2016-11-30/thumb_0_583ea26ad880a.jpg
ERR: 无法加载模块:Public

[ 2016-12-01T15:00:06+08:00 ] 127.0.0.1 /wwh_shop/Public/Uploads/Goods/2016-11-30/thumb_0_583ea26ad880a.jpg
ERR: 无法加载模块:Public

[ 2016-12-01T15:00:22+08:00 ] 127.0.0.1 /wwh_shop/Public/Uploads/Goods/2016-11-30/thumb_0_583ea26ad880a.jpg
ERR: 无法加载模块:Public

[ 2016-12-01T15:05:41+08:00 ] 127.0.0.1 /wwh_shop/Public/Uploads/Goods/2016-11-30/thumb_0_583ea26ad880a.jpg
ERR: 无法加载模块:Public

[ 2016-12-01T15:11:51+08:00 ] 127.0.0.1 /wwh_shop/Public/Uploads/Goods/2016-11-30/thumb_0_583ea26ad880a.jpg
ERR: 无法加载模块:Public

[ 2016-12-01T15:11:58+08:00 ] 127.0.0.1 /wwh_shop/Public/Uploads/Goods/2016-11-30/thumb_0_583ea26ad880a.jpg
ERR: 无法加载模块:Public

[ 2016-12-01T15:12:06+08:00 ] 127.0.0.1 /wwh_shop/Public/Uploads/Goods/2016-11-30/thumb_0_583ea26ad880a.jpg
ERR: 无法加载模块:Public

[ 2016-12-01T15:16:37+08:00 ] 127.0.0.1 /wwh_shop/Public/Uploads/Goods/2016-11-30/thumb_0_583ea26ad880a.jpg
ERR: 无法加载模块:Public

[ 2016-12-01T15:16:39+08:00 ] 127.0.0.1 /wwh_shop/Public/Uploads/Goods/2016-11-30/thumb_0_583ea26ad880a.jpg
ERR: 无法加载模块:Public

[ 2016-12-01T15:20:07+08:00 ] 127.0.0.1 /wwh_shop/Public/Uploads/Goods/2016-11-30/thumb_0_583ea26ad880a.jpg
ERR: 无法加载模块:Public

[ 2016-12-01T15:33:05+08:00 ] 127.0.0.1 /wwh_shop/Public/Uploads/Goods/2016-11-30/thumb_0_583ea26ad880a.jpg
ERR: 无法加载模块:Public

[ 2016-12-01T15:33:09+08:00 ] 127.0.0.1 /wwh_shop/Public/Uploads/Goods/2016-11-30/thumb_0_583ea26ad880a.jpg
ERR: 无法加载模块:Public

[ 2016-12-01T15:36:11+08:00 ] 127.0.0.1 /wwh_shop/Public/Uploads/Goods/2016-11-30/thumb_0_583ea26ad880a.jpg
ERR: 无法加载模块:Public

[ 2016-12-01T15:36:13+08:00 ] 127.0.0.1 /wwh_shop/Public/Uploads/Goods/2016-11-30/thumb_0_583ea26ad880a.jpg
ERR: 无法加载模块:Public

[ 2016-12-01T15:36:18+08:00 ] 127.0.0.1 /wwh_shop/Public/Uploads/Goods/2016-11-30/thumb_0_583ea26ad880a.jpg
ERR: 无法加载模块:Public

[ 2016-12-01T16:46:19+08:00 ] ::1 /wwh_shop/Public/Uploads/Goods/2016-11-30/thumb_0_583ea26ad880a.jpg
ERR: 无法加载模块:Public

[ 2016-12-01T16:46:22+08:00 ] ::1 /wwh_shop/Public/Uploads/Goods/2016-11-30/thumb_0_583ea26ad880a.jpg
ERR: 无法加载模块:Public

[ 2016-12-01T16:46:26+08:00 ] ::1 /wwh_shop/Public/Uploads/Goods/2016-11-30/thumb_0_583ea26ad880a.jpg
ERR: 无法加载模块:Public

[ 2016-12-01T16:48:25+08:00 ] ::1 /wwh_shop/Public/Uploads/Goods/2016-11-30/thumb_0_583ea26ad880a.jpg
ERR: 无法加载模块:Public

[ 2016-12-01T16:49:13+08:00 ] ::1 /wwh_shop/Public/Uploads/Goods/2016-11-30/thumb_0_583ea26ad880a.jpg
ERR: 无法加载模块:Public

[ 2016-12-01T16:52:47+08:00 ] ::1 /wwh_shop/Public/Uploads/Goods/2016-11-30/thumb_0_583ea26ad880a.jpg
ERR: 无法加载模块:Public

[ 2016-12-01T16:52:50+08:00 ] ::1 /wwh_shop/Public/Uploads/Goods/2016-11-30/thumb_0_583ea26ad880a.jpg
ERR: 无法加载模块:Public

[ 2016-12-01T16:56:42+08:00 ] ::1 /wwh_shop/Public/Uploads/Goods/2016-11-30/thumb_0_583ea26ad880a.jpg
ERR: 无法加载模块:Public

[ 2016-12-01T16:57:05+08:00 ] ::1 /wwh_shop/Public/Uploads/Goods/2016-11-30/thumb_0_583ea26ad880a.jpg
ERR: 无法加载模块:Public

[ 2016-12-01T16:58:34+08:00 ] ::1 /wwh_shop/Public/Uploads/Goods/2016-11-30/thumb_0_583ea26ad880a.jpg
ERR: 无法加载模块:Public

[ 2016-12-01T16:58:55+08:00 ] ::1 /wwh_shop/Public/Uploads/Goods/2016-11-30/thumb_0_583ea26ad880a.jpg
ERR: 无法加载模块:Public

[ 2016-12-01T16:59:02+08:00 ] ::1 /wwh_shop/Public/Uploads/Goods/2016-11-30/thumb_0_583ea26ad880a.jpg
ERR: 无法加载模块:Public

[ 2016-12-01T16:59:23+08:00 ] ::1 /wwh_shop/Public/Uploads/Goods/2016-11-30/thumb_0_583ea26ad880a.jpg
ERR: 无法加载模块:Public

[ 2016-12-01T16:59:24+08:00 ] ::1 /wwh_shop/Public/Uploads/Goods/2016-11-30/thumb_0_583ea26ad880a.jpg
ERR: 无法加载模块:Public

[ 2016-12-01T17:00:38+08:00 ] ::1 /wwh_shop/Public/Uploads/Goods/2016-11-30/thumb_0_583ea26ad880a.jpg
ERR: 无法加载模块:Public

[ 2016-12-01T17:06:52+08:00 ] ::1 /wwh_shop/Public/Uploads/Goods/2016-11-30/thumb_0_583ea26ad880a.jpg
ERR: 无法加载模块:Public

[ 2016-12-01T17:06:53+08:00 ] ::1 /wwh_shop/Public/Uploads/Goods/2016-11-30/thumb_0_583ea26ad880a.jpg
ERR: 无法加载模块:Public

[ 2016-12-01T17:06:56+08:00 ] ::1 /wwh_shop/Public/Uploads/Goods/2016-11-30/thumb_0_583ea26ad880a.jpg
ERR: 无法加载模块:Public

[ 2016-12-01T17:07:26+08:00 ] ::1 /wwh_shop/Public/Uploads/Goods/2016-11-30/thumb_0_583ea26ad880a.jpg
ERR: 无法加载模块:Public

[ 2016-12-01T17:08:07+08:00 ] ::1 /wwh_shop/Public/Uploads/Goods/2016-11-30/thumb_0_583ea26ad880a.jpg
ERR: 无法加载模块:Public

[ 2016-12-01T17:12:17+08:00 ] ::1 /wwh_shop/Public/Uploads/Goods/2016-11-30/thumb_0_583ea26ad880a.jpg
ERR: 无法加载模块:Public

[ 2016-12-01T17:12:29+08:00 ] ::1 /wwh_shop/Public/Uploads/Goods/2016-11-30/thumb_0_583ea26ad880a.jpg
ERR: 无法加载模块:Public

[ 2016-12-01T17:12:34+08:00 ] ::1 /wwh_shop/Public/Uploads/Goods/2016-11-30/thumb_0_583ea26ad880a.jpg
ERR: 无法加载模块:Public

[ 2016-12-01T17:25:08+08:00 ] ::1 /wwh_shop/Public/Uploads/Goods/2016-11-30/thumb_0_583ea26ad880a.jpg
ERR: 无法加载模块:Public

[ 2016-12-01T17:40:07+08:00 ] ::1 /wwh_shop/Public/Uploads/Goods/2016-11-30/thumb_0_583ea26ad880a.jpg
ERR: 无法加载模块:Public

[ 2016-12-01T17:55:56+08:00 ] ::1 /wwh_shop/Public/Uploads/Goods/2016-11-30/thumb_0_583ea26ad880a.jpg
ERR: 无法加载模块:Public

[ 2016-12-01T19:16:36+08:00 ] ::1 /wwh_shop/Public/Uploads/Goods/2016-11-30/thumb_0_583ea26ad880a.jpg
ERR: 无法加载模块:Public

[ 2016-12-01T20:05:26+08:00 ] ::1 /wwh_shop/Public/Uploads/Goods/2016-11-30/thumb_0_583ea26ad880a.jpg
ERR: 无法加载模块:Public

[ 2016-12-01T20:05:37+08:00 ] ::1 /wwh_shop/Public/Uploads/Goods/2016-11-30/thumb_0_583ea26ad880a.jpg
ERR: 无法加载模块:Public

[ 2016-12-01T20:05:38+08:00 ] ::1 /wwh_shop/Public/Uploads/Goods/2016-11-30/thumb_0_583ea26ad880a.jpg
ERR: 无法加载模块:Public

[ 2016-12-01T20:05:48+08:00 ] ::1 /wwh_shop/Public/Uploads/Goods/2016-11-30/thumb_0_583ea26ad880a.jpg
ERR: 无法加载模块:Public

[ 2016-12-01T20:06:11+08:00 ] ::1 /wwh_shop/Public/Uploads/Goods/2016-11-30/thumb_0_583ea26ad880a.jpg
ERR: 无法加载模块:Public

[ 2016-12-01T22:03:25+08:00 ] ::1 /wwh_shop/Public/Uploads/Goods/2016-11-30/thumb_0_583ea26ad880a.jpg
ERR: 无法加载模块:Public

[ 2016-12-01T22:03:43+08:00 ] ::1 /wwh_shop/Public/Uploads/Goods/2016-11-30/thumb_0_583ea26ad880a.jpg
ERR: 无法加载模块:Public

[ 2016-12-01T22:04:46+08:00 ] ::1 /wwh_shop/Public/Uploads/Goods/2016-11-30/thumb_0_583ea26ad880a.jpg
ERR: 无法加载模块:Public

[ 2016-12-01T22:08:39+08:00 ] ::1 /wwh_shop/Public/Uploads/Goods/2016-11-30/thumb_0_583ea26ad880a.jpg
ERR: 无法加载模块:Public

