[ 2017-06-08T10:30:00+08:00 ] 127.0.0.1 /favicon.ico
ERR: 无法加载模块:Favicon

[ 2017-06-08T10:30:05+08:00 ] 127.0.0.1 /Public/dianjitanchu/Images/erweima.jpg
ERR: 无法加载模块:Public

[ 2017-06-08T10:30:05+08:00 ] 127.0.0.1 /Public/Home/Images/zoomloader.gif
ERR: 无法加载模块:Public

[ 2017-06-08T10:53:37+08:00 ] 127.0.0.1 /favicon.ico
INFO: [ app_init ] --START--
INFO: Run Behavior\BuildLiteBehavior [ RunTime:0.000008s ]
INFO: [ app_init ] --END-- [ RunTime:0.000046s ]
ERR: 无法加载模块:Favicon

[ 2017-06-08T10:58:51+08:00 ] 127.0.0.1 /Public/dianjitanchu/Images/erweima.jpg
INFO: [ app_init ] --START--
INFO: Run Behavior\BuildLiteBehavior [ RunTime:0.000007s ]
INFO: [ app_init ] --END-- [ RunTime:0.000046s ]
ERR: 无法加载模块:Public

[ 2017-06-08T10:58:51+08:00 ] 127.0.0.1 /Public/Home/Images/zoomloader.gif
INFO: [ app_init ] --START--
INFO: Run Behavior\BuildLiteBehavior [ RunTime:0.000010s ]
INFO: [ app_init ] --END-- [ RunTime:0.000058s ]
ERR: 无法加载模块:Public

[ 2017-06-08T10:58:55+08:00 ] 127.0.0.1 /Public/dianjitanchu/Images/erweima.jpg
INFO: [ app_init ] --START--
INFO: Run Behavior\BuildLiteBehavior [ RunTime:0.000008s ]
INFO: [ app_init ] --END-- [ RunTime:0.000042s ]
ERR: 无法加载模块:Public

[ 2017-06-08T10:58:55+08:00 ] 127.0.0.1 /Public/dianjitanchu/Images/erweima.jpg
INFO: [ app_init ] --START--
INFO: Run Behavior\BuildLiteBehavior [ RunTime:0.000008s ]
INFO: [ app_init ] --END-- [ RunTime:0.000043s ]
ERR: 无法加载模块:Public

[ 2017-06-08T10:58:55+08:00 ] 127.0.0.1 /Public/Home/Images/zoomloader.gif
INFO: [ app_init ] --START--
INFO: Run Behavior\BuildLiteBehavior [ RunTime:0.000011s ]
INFO: [ app_init ] --END-- [ RunTime:0.000837s ]
ERR: 无法加载模块:Public

[ 2017-06-08T10:59:52+08:00 ] 127.0.0.1 /Public/dianjitanchu/Images/erweima.jpg
INFO: [ app_init ] --START--
INFO: Run Behavior\BuildLiteBehavior [ RunTime:0.000008s ]
INFO: [ app_init ] --END-- [ RunTime:0.000044s ]
ERR: 无法加载模块:Public

[ 2017-06-08T10:59:52+08:00 ] 127.0.0.1 /Public/dianjitanchu/Images/erweima.jpg
INFO: [ app_init ] --START--
INFO: Run Behavior\BuildLiteBehavior [ RunTime:0.000009s ]
INFO: [ app_init ] --END-- [ RunTime:0.000066s ]
ERR: 无法加载模块:Public

[ 2017-06-08T10:59:52+08:00 ] 127.0.0.1 /Public/Home/Images/zoomloader.gif
INFO: [ app_init ] --START--
INFO: Run Behavior\BuildLiteBehavior [ RunTime:0.000008s ]
INFO: [ app_init ] --END-- [ RunTime:0.000049s ]
ERR: 无法加载模块:Public

[ 2017-06-08T11:00:01+08:00 ] 127.0.0.1 /Public/dianjitanchu/Images/erweima.jpg
INFO: [ app_init ] --START--
INFO: Run Behavior\BuildLiteBehavior [ RunTime:0.000006s ]
INFO: [ app_init ] --END-- [ RunTime:0.000034s ]
ERR: 无法加载模块:Public

[ 2017-06-08T11:00:01+08:00 ] 127.0.0.1 /Public/Home/Images/zoomloader.gif
INFO: [ app_init ] --START--
INFO: Run Behavior\BuildLiteBehavior [ RunTime:0.000008s ]
INFO: [ app_init ] --END-- [ RunTime:0.000043s ]
ERR: 无法加载模块:Public

[ 2017-06-08T11:00:06+08:00 ] 127.0.0.1 /Public/dianjitanchu/Images/erweima.jpg
INFO: [ app_init ] --START--
INFO: Run Behavior\BuildLiteBehavior [ RunTime:0.000009s ]
INFO: [ app_init ] --END-- [ RunTime:0.000051s ]
ERR: 无法加载模块:Public

[ 2017-06-08T11:00:06+08:00 ] 127.0.0.1 /Public/Home/Images/zoomloader.gif
INFO: [ app_init ] --START--
INFO: Run Behavior\BuildLiteBehavior [ RunTime:0.000008s ]
INFO: [ app_init ] --END-- [ RunTime:0.000045s ]
ERR: 无法加载模块:Public

[ 2017-06-08T11:00:10+08:00 ] 127.0.0.1 /Public/dianjitanchu/Images/erweima.jpg
INFO: [ app_init ] --START--
INFO: Run Behavior\BuildLiteBehavior [ RunTime:0.000008s ]
INFO: [ app_init ] --END-- [ RunTime:0.000046s ]
ERR: 无法加载模块:Public

[ 2017-06-08T11:00:10+08:00 ] 127.0.0.1 /Public/dianjitanchu/Images/erweima.jpg
INFO: [ app_init ] --START--
INFO: Run Behavior\BuildLiteBehavior [ RunTime:0.000007s ]
INFO: [ app_init ] --END-- [ RunTime:0.000044s ]
ERR: 无法加载模块:Public

[ 2017-06-08T11:00:10+08:00 ] 127.0.0.1 /Public/Home/Images/zoomloader.gif
INFO: [ app_init ] --START--
INFO: Run Behavior\BuildLiteBehavior [ RunTime:0.000008s ]
INFO: [ app_init ] --END-- [ RunTime:0.000047s ]
ERR: 无法加载模块:Public

[ 2017-06-08T11:00:38+08:00 ] 127.0.0.1 /Public/dianjitanchu/Images/erweima.jpg
INFO: [ app_init ] --START--
INFO: Run Behavior\BuildLiteBehavior [ RunTime:0.000008s ]
INFO: [ app_init ] --END-- [ RunTime:0.000045s ]
ERR: 无法加载模块:Public

[ 2017-06-08T11:00:38+08:00 ] 127.0.0.1 /Public/dianjitanchu/Images/erweima.jpg
INFO: [ app_init ] --START--
INFO: Run Behavior\BuildLiteBehavior [ RunTime:0.000007s ]
INFO: [ app_init ] --END-- [ RunTime:0.000044s ]
ERR: 无法加载模块:Public

[ 2017-06-08T11:00:38+08:00 ] 127.0.0.1 /Public/Home/Images/zoomloader.gif
INFO: [ app_init ] --START--
INFO: Run Behavior\BuildLiteBehavior [ RunTime:0.000008s ]
INFO: [ app_init ] --END-- [ RunTime:0.000044s ]
ERR: 无法加载模块:Public

[ 2017-06-08T11:00:41+08:00 ] 127.0.0.1 /Public/dianjitanchu/Images/erweima.jpg
INFO: [ app_init ] --START--
INFO: Run Behavior\BuildLiteBehavior [ RunTime:0.000006s ]
INFO: [ app_init ] --END-- [ RunTime:0.000029s ]
ERR: 无法加载模块:Public

[ 2017-06-08T11:00:42+08:00 ] 127.0.0.1 /Public/Home/Images/zoomloader.gif
INFO: [ app_init ] --START--
INFO: Run Behavior\BuildLiteBehavior [ RunTime:0.000008s ]
INFO: [ app_init ] --END-- [ RunTime:0.000044s ]
ERR: 无法加载模块:Public

[ 2017-06-08T11:00:46+08:00 ] 127.0.0.1 /Public/dianjitanchu/Images/erweima.jpg
INFO: [ app_init ] --START--
INFO: Run Behavior\BuildLiteBehavior [ RunTime:0.000008s ]
INFO: [ app_init ] --END-- [ RunTime:0.000040s ]
ERR: 无法加载模块:Public

[ 2017-06-08T11:00:46+08:00 ] 127.0.0.1 /Public/Home/Images/zoomloader.gif
INFO: [ app_init ] --START--
INFO: Run Behavior\BuildLiteBehavior [ RunTime:0.000008s ]
INFO: [ app_init ] --END-- [ RunTime:0.000044s ]
ERR: 无法加载模块:Public

[ 2017-06-08T11:00:57+08:00 ] 127.0.0.1 /Public/dianjitanchu/Images/erweima.jpg
INFO: [ app_init ] --START--
INFO: Run Behavior\BuildLiteBehavior [ RunTime:0.000008s ]
INFO: [ app_init ] --END-- [ RunTime:0.000043s ]
ERR: 无法加载模块:Public

[ 2017-06-08T11:00:57+08:00 ] 127.0.0.1 /Public/Home/Images/zoomloader.gif
INFO: [ app_init ] --START--
INFO: Run Behavior\BuildLiteBehavior [ RunTime:0.000008s ]
INFO: [ app_init ] --END-- [ RunTime:0.000044s ]
ERR: 无法加载模块:Public

[ 2017-06-08T11:01:16+08:00 ] 127.0.0.1 /Public/dianjitanchu/Images/erweima.jpg
INFO: [ app_init ] --START--
INFO: Run Behavior\BuildLiteBehavior [ RunTime:0.000008s ]
INFO: [ app_init ] --END-- [ RunTime:0.000044s ]
ERR: 无法加载模块:Public

[ 2017-06-08T11:01:16+08:00 ] 127.0.0.1 /Public/dianjitanchu/Images/erweima.jpg
INFO: [ app_init ] --START--
INFO: Run Behavior\BuildLiteBehavior [ RunTime:0.000008s ]
INFO: [ app_init ] --END-- [ RunTime:0.000045s ]
ERR: 无法加载模块:Public

[ 2017-06-08T11:01:44+08:00 ] 127.0.0.1 /Public/dianjitanchu/Images/erweima.jpg
INFO: [ app_init ] --START--
INFO: Run Behavior\BuildLiteBehavior [ RunTime:0.000008s ]
INFO: [ app_init ] --END-- [ RunTime:0.000044s ]
ERR: 无法加载模块:Public

[ 2017-06-08T11:01:44+08:00 ] 127.0.0.1 /Public/Home/Images/zoomloader.gif
INFO: [ app_init ] --START--
INFO: Run Behavior\BuildLiteBehavior [ RunTime:0.000008s ]
INFO: [ app_init ] --END-- [ RunTime:0.000043s ]
ERR: 无法加载模块:Public

