[ 2016-12-11T10:51:08+08:00 ] ::1 /wwh_shop/index.php/Admin/Role/edit/role_id/2.html
ERR: SQLSTATE[23000]: Integrity constraint violation: 1048 Column 'role_id' cannot be null

[ 2016-12-11T11:00:01+08:00 ] ::1 /wwh_shop/index.php/Admin/Role/lst/p/1.html
ERR: SQLSTATE[42000]: Syntax error or access violation: 1066 Not unique table/alias: 'a'

[ 2016-12-11T11:09:47+08:00 ] ::1 /wwh_shop/index.php/Admin/Role/lst/p/1.html
ERR: SQLSTATE[42000]: Syntax error or access violation: 1064 You have an error in your SQL syntax; check the manual that corresponds to your MySQL server version for the right syntax to use near ') auth_name FROM wwh_role a LEFT JOIN wwh_role_auth b ON a.role_id=b.role_id LEF' at line 1

[ 2016-12-11T11:09:57+08:00 ] ::1 /wwh_shop/index.php/Admin/Role/lst/p/1.html
ERR: SQLSTATE[42000]: Syntax error or access violation: 1064 You have an error in your SQL syntax; check the manual that corresponds to your MySQL server version for the right syntax to use near ') a FROM wwh_role a LEFT JOIN wwh_role_auth b ON a.role_id=b.role_id LEFT JOIN w' at line 1

[ 2016-12-11T11:10:02+08:00 ] ::1 /wwh_shop/index.php/Admin/Role/lst/p/1.html
ERR: SQLSTATE[42000]: Syntax error or access violation: 1064 You have an error in your SQL syntax; check the manual that corresponds to your MySQL server version for the right syntax to use near ') FROM wwh_role a LEFT JOIN wwh_role_auth b ON a.role_id=b.role_id LEFT JOIN wwh' at line 1

[ 2016-12-11T11:59:59+08:00 ] ::1 /wwh_shop/index.php/Admin/Admin/lst.html
ERR: SQLSTATE[42000]: Syntax error or access violation: 1305 FUNCTION wwh_shop.grounp_concat does not exist

[ 2016-12-11T13:30:19+08:00 ] ::1 /wwh_shop/index.php/Admin/Role/lst.html
ERR: SQLSTATE[42000] [1049] Unknown database 'wwh_shop'

[ 2016-12-11T13:30:21+08:00 ] ::1 /wwh_shop/index.php/Admin/Role/lst.html
ERR: SQLSTATE[42000] [1049] Unknown database 'wwh_shop'

[ 2016-12-11T13:30:22+08:00 ] ::1 /wwh_shop/index.php/Admin/Role/lst.html
ERR: SQLSTATE[42000] [1049] Unknown database 'wwh_shop'

[ 2016-12-11T13:30:35+08:00 ] ::1 /wwh_shop/index.php/admin/goods/lst.html
ERR: SQLSTATE[42000] [1049] Unknown database 'wwh_shop'

[ 2016-12-11T13:30:36+08:00 ] ::1 /wwh_shop/index.php/admin/goods/add.html
ERR: SQLSTATE[42000] [1049] Unknown database 'wwh_shop'

[ 2016-12-11T13:30:38+08:00 ] ::1 /wwh_shop/index.php/admin/category/lst.html
ERR: SQLSTATE[42000] [1049] Unknown database 'wwh_shop'

[ 2016-12-11T13:30:39+08:00 ] ::1 /wwh_shop/index.php/admin/type/lst.html
ERR: SQLSTATE[42000] [1049] Unknown database 'wwh_shop'

[ 2016-12-11T13:30:40+08:00 ] ::1 /wwh_shop/index.php/admin/type/lst.html
ERR: SQLSTATE[42000] [1049] Unknown database 'wwh_shop'

[ 2016-12-11T13:30:52+08:00 ] ::1 /wwh_shop/index.php/admin/type/lst.html
ERR: SQLSTATE[42000] [1049] Unknown database 'wwh_shop'

[ 2016-12-11T13:30:55+08:00 ] ::1 /wwh_shop/index.php/admin/goods/lst.html
ERR: SQLSTATE[42000] [1049] Unknown database 'wwh_shop'

[ 2016-12-11T13:31:12+08:00 ] ::1 /wwh_shop/index.php/admin/goods/lst.html
ERR: SQLSTATE[42000] [1049] Unknown database 'wwh_shop'

[ 2016-12-11T13:31:34+08:00 ] ::1 /wwh_shop/index.php/Admin/Goods/lst.html
ERR: SQLSTATE[42000] [1049] Unknown database 'wwh_shop'

[ 2016-12-11T13:48:51+08:00 ] ::1 /wwh_shop/index.php/Admin/Login/login
INFO: [ app_init ] --START--
INFO: Run Behavior\BuildLiteBehavior [ RunTime:0.000013s ]
INFO: [ app_init ] --END-- [ RunTime:0.000421s ]
INFO: [ app_begin ] --START--
INFO: Run Behavior\ReadHtmlCacheBehavior [ RunTime:0.000420s ]
INFO: [ app_begin ] --END-- [ RunTime:0.000472s ]
INFO: [ view_parse ] --START--
INFO: [ template_filter ] --START--
INFO: Run Behavior\ContentReplaceBehavior [ RunTime:0.000054s ]
INFO: [ template_filter ] --END-- [ RunTime:0.000124s ]
INFO: Run Behavior\ParseTemplateBehavior [ RunTime:0.044245s ]
INFO: [ view_parse ] --END-- [ RunTime:0.044307s ]
INFO: [ view_filter ] --START--
INFO: Run Behavior\WriteHtmlCacheBehavior [ RunTime:0.000779s ]
INFO: [ view_filter ] --END-- [ RunTime:0.000842s ]
INFO: [ app_end ] --START--
INFO: Run Behavior\ShowPageTraceBehavior [ RunTime:0.000588s ]
INFO: [ app_end ] --END-- [ RunTime:0.000648s ]

[ 2016-12-11T13:48:51+08:00 ] ::1 /wwh_shop/index.php/Admin/Login/showVerify
INFO: [ app_init ] --START--
INFO: Run Behavior\BuildLiteBehavior [ RunTime:0.000012s ]
INFO: [ app_init ] --END-- [ RunTime:0.000365s ]
INFO: [ app_begin ] --START--
INFO: Run Behavior\ReadHtmlCacheBehavior [ RunTime:0.000376s ]
INFO: [ app_begin ] --END-- [ RunTime:0.000422s ]
INFO: [ app_end ] --START--
INFO: Run Behavior\ShowPageTraceBehavior [ RunTime:0.000352s ]
INFO: [ app_end ] --END-- [ RunTime:0.000411s ]

[ 2016-12-11T21:51:38+08:00 ] ::1 /wwh_shop/index.php/Admin/Goods/goodsAdd.html
ERR: 非法操作:goodsAdd

[ 2016-12-11T22:32:25+08:00 ] ::1 /wwh_shop/index.php/Admin/Login/login
ERR: Think\Model:checkLogin方法不存在！

[ 2016-12-11T22:48:38+08:00 ] ::1 /wwh_shop/index.php/Admin/Goods/goodsAdd.html
ERR: 非法操作:goodsAdd

[ 2016-12-11T22:53:09+08:00 ] ::1 /wwh_shop/index.php/Admin/Login/login
ERR: Think\Model:checkCaptcha方法不存在！

[ 2016-12-11T23:26:12+08:00 ] ::1 /wwh_shop/index.php/Admin/Login/%E7%99%BB%E5%BD%95%E6%88%90%E5%8A%9F,%E9%A1%B5%E9%9D%A2%E8%B7%B3%E8%BD%AC%E4%B8%AD...
ERR: 非法操作:登录成功,页面跳转中

[ 2016-12-11T23:26:44+08:00 ] ::1 /wwh_shop/index.php/Admin/Login/%E7%99%BB%E5%BD%95%E6%88%90%E5%8A%9F,%E9%A1%B5%E9%9D%A2%E8%B7%B3%E8%BD%AC%E4%B8%AD...
ERR: 非法操作:登录成功,页面跳转中

[ 2016-12-11T23:28:21+08:00 ] ::1 /wwh_shop/index.php/Admin/Login/%E7%99%BB%E5%BD%95%E6%88%90%E5%8A%9F,%E9%A1%B5%E9%9D%A2%E8%B7%B3%E8%BD%AC%E4%B8%AD...
ERR: 非法操作:登录成功,页面跳转中

[ 2016-12-11T23:28:23+08:00 ] ::1 /wwh_shop/index.php/Admin/Login/%E7%99%BB%E5%BD%95%E6%88%90%E5%8A%9F,%E9%A1%B5%E9%9D%A2%E8%B7%B3%E8%BD%AC%E4%B8%AD...
ERR: 非法操作:登录成功,页面跳转中

