[ 2016-11-27T12:29:54+08:00 ] ::1 /wwh_shop/index.php/Admin/Goods/goodsAdd
INFO: [ app_init ] --START--
INFO: Run Behavior\BuildLiteBehavior [ RunTime:0.000014s ]
INFO: [ app_init ] --END-- [ RunTime:0.000507s ]
INFO: [ app_begin ] --START--
INFO: Run Behavior\ReadHtmlCacheBehavior [ RunTime:0.000717s ]
INFO: [ app_begin ] --END-- [ RunTime:0.000768s ]
INFO: [ view_parse ] --START--
INFO: [ template_filter ] --START--
INFO: Run Behavior\ContentReplaceBehavior [ RunTime:0.000076s ]
INFO: [ template_filter ] --END-- [ RunTime:0.000127s ]
NOTIC: [8] Undefined variable: cat_list U:\php\phpstudy\WWW\wwh_shop\Application\Runtime\Cache\Admin\0625ccdd984322e27e52787535bec737.php 第 45 行.
NOTIC: [8] Undefined variable: brand_list U:\php\phpstudy\WWW\wwh_shop\Application\Runtime\Cache\Admin\0625ccdd984322e27e52787535bec737.php 第 55 行.
INFO: Run Behavior\ParseTemplateBehavior [ RunTime:0.181211s ]
INFO: [ view_parse ] --END-- [ RunTime:0.181271s ]
INFO: [ view_filter ] --START--
INFO: Run Behavior\WriteHtmlCacheBehavior [ RunTime:0.000871s ]
INFO: [ view_filter ] --END-- [ RunTime:0.000920s ]
INFO: [ app_end ] --START--
INFO: Run Behavior\ShowPageTraceBehavior [ RunTime:0.000892s ]
INFO: [ app_end ] --END-- [ RunTime:0.000943s ]

[ 2016-11-27T12:31:39+08:00 ] ::1 /wwh_shop/index.php/Admin/Goods/goodsAdd
INFO: [ app_init ] --START--
INFO: Run Behavior\BuildLiteBehavior [ RunTime:0.000039s ]
INFO: [ app_init ] --END-- [ RunTime:0.001437s ]
INFO: [ app_begin ] --START--
INFO: Run Behavior\ReadHtmlCacheBehavior [ RunTime:0.002679s ]
INFO: [ app_begin ] --END-- [ RunTime:0.002836s ]
INFO: [ view_parse ] --START--
INFO: [ template_filter ] --START--
INFO: Run Behavior\ContentReplaceBehavior [ RunTime:0.000115s ]
INFO: [ template_filter ] --END-- [ RunTime:0.000193s ]
NOTIC: [8] Undefined variable: cat_list U:\php\phpstudy\WWW\wwh_shop\Application\Runtime\Cache\Admin\0625ccdd984322e27e52787535bec737.php 第 45 行.
NOTIC: [8] Undefined variable: brand_list U:\php\phpstudy\WWW\wwh_shop\Application\Runtime\Cache\Admin\0625ccdd984322e27e52787535bec737.php 第 55 行.
INFO: Run Behavior\ParseTemplateBehavior [ RunTime:0.052080s ]
INFO: [ view_parse ] --END-- [ RunTime:0.052183s ]
INFO: [ view_filter ] --START--
INFO: Run Behavior\WriteHtmlCacheBehavior [ RunTime:0.001125s ]
INFO: [ view_filter ] --END-- [ RunTime:0.001182s ]
INFO: [ app_end ] --START--
INFO: Run Behavior\ShowPageTraceBehavior [ RunTime:0.001391s ]
INFO: [ app_end ] --END-- [ RunTime:0.001455s ]

[ 2016-11-27T12:33:05+08:00 ] ::1 /wwh_shop/index.php/Admin/Goods/goodsAdd
INFO: [ app_init ] --START--
INFO: Run Behavior\BuildLiteBehavior [ RunTime:0.000019s ]
INFO: [ app_init ] --END-- [ RunTime:0.000821s ]
INFO: [ app_begin ] --START--
INFO: Run Behavior\ReadHtmlCacheBehavior [ RunTime:0.001310s ]
INFO: [ app_begin ] --END-- [ RunTime:0.001380s ]
INFO: [ view_parse ] --START--
INFO: [ template_filter ] --START--
INFO: Run Behavior\ContentReplaceBehavior [ RunTime:0.000066s ]
INFO: [ template_filter ] --END-- [ RunTime:0.000112s ]
NOTIC: [8] Undefined variable: cat_list U:\php\phpstudy\WWW\wwh_shop\Application\Runtime\Cache\Admin\0625ccdd984322e27e52787535bec737.php 第 45 行.
NOTIC: [8] Undefined variable: brand_list U:\php\phpstudy\WWW\wwh_shop\Application\Runtime\Cache\Admin\0625ccdd984322e27e52787535bec737.php 第 55 行.
INFO: Run Behavior\ParseTemplateBehavior [ RunTime:0.076946s ]
INFO: [ view_parse ] --END-- [ RunTime:0.076989s ]
INFO: [ view_filter ] --START--
INFO: Run Behavior\WriteHtmlCacheBehavior [ RunTime:0.000784s ]
INFO: [ view_filter ] --END-- [ RunTime:0.000815s ]
INFO: [ app_end ] --START--
INFO: Run Behavior\ShowPageTraceBehavior [ RunTime:0.000899s ]
INFO: [ app_end ] --END-- [ RunTime:0.000934s ]

[ 2016-11-27T12:33:43+08:00 ] ::1 /wwh_shop/index.php/Admin/Goods/goodsAdd
INFO: [ app_init ] --START--
INFO: Run Behavior\BuildLiteBehavior [ RunTime:0.000018s ]
INFO: [ app_init ] --END-- [ RunTime:0.000679s ]
INFO: [ app_begin ] --START--
INFO: Run Behavior\ReadHtmlCacheBehavior [ RunTime:0.001156s ]
INFO: [ app_begin ] --END-- [ RunTime:0.001209s ]
INFO: [ view_parse ] --START--
INFO: [ template_filter ] --START--
INFO: Run Behavior\ContentReplaceBehavior [ RunTime:0.000065s ]
INFO: [ template_filter ] --END-- [ RunTime:0.000110s ]
NOTIC: [8] Undefined variable: cat_list U:\php\phpstudy\WWW\wwh_shop\Application\Runtime\Cache\Admin\0625ccdd984322e27e52787535bec737.php 第 45 行.
NOTIC: [8] Undefined variable: brand_list U:\php\phpstudy\WWW\wwh_shop\Application\Runtime\Cache\Admin\0625ccdd984322e27e52787535bec737.php 第 55 行.
INFO: Run Behavior\ParseTemplateBehavior [ RunTime:0.136685s ]
INFO: [ view_parse ] --END-- [ RunTime:0.136739s ]
INFO: [ view_filter ] --START--
INFO: Run Behavior\WriteHtmlCacheBehavior [ RunTime:0.001016s ]
INFO: [ view_filter ] --END-- [ RunTime:0.001071s ]
INFO: [ app_end ] --START--
INFO: Run Behavior\ShowPageTraceBehavior [ RunTime:0.001688s ]
INFO: [ app_end ] --END-- [ RunTime:0.001747s ]

[ 2016-11-27T12:36:04+08:00 ] ::1 /wwh_shop/index.php/Admin/Goods/goodsAdd
INFO: [ app_init ] --START--
INFO: Run Behavior\BuildLiteBehavior [ RunTime:0.000021s ]
INFO: [ app_init ] --END-- [ RunTime:0.000753s ]
INFO: [ app_begin ] --START--
INFO: Run Behavior\ReadHtmlCacheBehavior [ RunTime:0.001472s ]
INFO: [ app_begin ] --END-- [ RunTime:0.001552s ]
INFO: [ view_parse ] --START--
INFO: [ template_filter ] --START--
INFO: Run Behavior\ContentReplaceBehavior [ RunTime:0.000073s ]
INFO: [ template_filter ] --END-- [ RunTime:0.000120s ]
NOTIC: [8] Undefined variable: cat_list U:\php\phpstudy\WWW\wwh_shop\Application\Runtime\Cache\Admin\0625ccdd984322e27e52787535bec737.php 第 45 行.
NOTIC: [8] Undefined variable: brand_list U:\php\phpstudy\WWW\wwh_shop\Application\Runtime\Cache\Admin\0625ccdd984322e27e52787535bec737.php 第 55 行.
INFO: Run Behavior\ParseTemplateBehavior [ RunTime:0.039137s ]
INFO: [ view_parse ] --END-- [ RunTime:0.039218s ]
INFO: [ view_filter ] --START--
INFO: Run Behavior\WriteHtmlCacheBehavior [ RunTime:0.000800s ]
INFO: [ view_filter ] --END-- [ RunTime:0.000841s ]
INFO: [ app_end ] --START--
INFO: Run Behavior\ShowPageTraceBehavior [ RunTime:0.000953s ]
INFO: [ app_end ] --END-- [ RunTime:0.000993s ]

[ 2016-11-27T12:48:49+08:00 ] ::1 /wwh_shop/index.php/Admin/Goods/goodsAdd
INFO: [ app_init ] --START--
INFO: Run Behavior\BuildLiteBehavior [ RunTime:0.000009s ]
INFO: [ app_init ] --END-- [ RunTime:0.000406s ]
INFO: [ app_begin ] --START--
INFO: Run Behavior\ReadHtmlCacheBehavior [ RunTime:0.000941s ]
INFO: [ app_begin ] --END-- [ RunTime:0.000982s ]
SQL: SHOW COLUMNS FROM `wwh_goods` [ RunTime:0.0221s ]
NOTIC: [2] require_once(U:\php\phpstudy\WWW\wwh_shop\ThinkPHP\Library/Think/./HtmlPurifier/HTMLPurifier.auto.php): failed to open stream: No such file or directory U:\php\phpstudy\WWW\wwh_shop\Application\Admin\Model\GoodsModel.class.php 第 17 行.

[ 2016-11-27T12:49:12+08:00 ] ::1 /wwh_shop/index.php/Admin/Goods/goodsAdd
INFO: [ app_init ] --START--
INFO: Run Behavior\BuildLiteBehavior [ RunTime:0.000025s ]
INFO: [ app_init ] --END-- [ RunTime:0.000952s ]
INFO: [ app_begin ] --START--
INFO: Run Behavior\ReadHtmlCacheBehavior [ RunTime:0.001103s ]
INFO: [ app_begin ] --END-- [ RunTime:0.001165s ]
SQL: SHOW COLUMNS FROM `wwh_goods` [ RunTime:0.0032s ]
NOTIC: [2] require_once(./HtmlPurifier/HTMLPurifier.auto.php): failed to open stream: No such file or directory U:\php\phpstudy\WWW\wwh_shop\Application\Admin\Model\GoodsModel.class.php 第 17 行.

