[ 2016-12-01T12:44:09+08:00 ] ::1 /wwh_shop/index.php/Admin/Index/categoryList.html
ERR: 非法操作:categoryList

[ 2016-12-01T12:44:27+08:00 ] ::1 /wwh_shop/index.php/Admin/Index/userList.html
ERR: 非法操作:userList

[ 2016-12-01T15:02:45+08:00 ] 127.0.0.1 /wwh_shop/index.php/Admin/Goods/goodsList?brand_id=1&gn=&fp=&tp=&ios=&fa=&ta=
ERR: SQLSTATE[23000]: Integrity constraint violation: 1052 Column 'brand_id' in where clause is ambiguous

[ 2016-12-01T15:03:06+08:00 ] 127.0.0.1 /wwh_shop/index.php/Admin/Goods/goodsList?brand_id=1&gn=&fp=&tp=&ios=&fa=&ta=
ERR: SQLSTATE[42S22]: Column not found: 1054 Unknown column 'a.brand_id' in 'where clause'

[ 2016-12-01T15:05:43+08:00 ] 127.0.0.1 /wwh_shop/index.php/Admin/Goods/goodsList?bid=&gn=&fp=&tp=&ios=1&fa=&ta=
ERR: SQLSTATE[42S22]: Column not found: 1054 Unknown column 'a.is_onsale' in 'where clause'

[ 2016-12-01T15:05:48+08:00 ] 127.0.0.1 /wwh_shop/index.php/Admin/Goods/goodsList?bid=&gn=&fp=&tp=&ios=0&fa=&ta=
ERR: SQLSTATE[42S22]: Column not found: 1054 Unknown column 'a.is_onsale' in 'where clause'

[ 2016-12-01T15:05:58+08:00 ] 127.0.0.1 /wwh_shop/index.php/Admin/Goods/goodsList?bid=&gn=%E5%B0%8F%E7%B1%B3&fp=&tp=&ios=0&fa=&ta=
ERR: SQLSTATE[42S22]: Column not found: 1054 Unknown column 'a.goods_name' in 'where clause'

[ 2016-12-01T15:12:12+08:00 ] 127.0.0.1 /wwh_shop/index.php/Admin/Goods/goodsList?bid=&gn=22&fp=&tp=&ios=&fa=&ta=&paixu=at_asc
ERR: SQLSTATE[42S22]: Column not found: 1054 Unknown column 'a.goods_name' in 'where clause'

[ 2016-12-01T15:15:51+08:00 ] 127.0.0.1 /wwh_shop/index.php/Admin/Goods/goodsList?bid=&gn=%E5%B0%8F%E7%B1%B3&fp=&tp=&ios=&fa=&ta=&paixu=at_desc
ERR: SQLSTATE[42S22]: Column not found: 1054 Unknown column 'a.goods_name' in 'where clause'

[ 2016-12-01T15:15:55+08:00 ] 127.0.0.1 /wwh_shop/index.php/Admin/Goods/goodsList?bid=&gn=%E5%B0%8F%E7%B1%B3&fp=&tp=&ios=&fa=&ta=&paixu=at_asc
ERR: SQLSTATE[42S22]: Column not found: 1054 Unknown column 'a.goods_name' in 'where clause'

[ 2016-12-01T15:16:28+08:00 ] 127.0.0.1 /wwh_shop/index.php/Admin/Goods/goodsList?bid=&gn=%E5%B0%8F%E7%B1%B3&fp=&tp=&ios=&fa=&ta=&paixu=at_asc
ERR: SQLSTATE[42S22]: Column not found: 1054 Unknown column 'a.goods_name' in 'where clause'

[ 2016-12-01T15:26:54+08:00 ] 127.0.0.1 /wwh_shop/index.php/Admin/Goods/goodsList?bid=&gn=%E5%B0%8F%E7%B1%B3&fp=&tp=&ios=&fa=&ta=&paixu=sp_desc
ERR: SQLSTATE[42S22]: Column not found: 1054 Unknown column 'a.goods_name' in 'where clause'

[ 2016-12-01T15:28:23+08:00 ] 127.0.0.1 /wwh_shop/index.php/Admin/Goods/goodsList?bid=1&gn=&fp=&tp=&ios=&fa=&ta=&paixu=sp_desc
ERR: SQLSTATE[23000]: Integrity constraint violation: 1052 Column 'brand_id' in where clause is ambiguous

[ 2016-12-01T15:28:52+08:00 ] 127.0.0.1 /wwh_shop/index.php/Admin/Goods/goodsList?bid=1&gn=&fp=&tp=&ios=&fa=&ta=&paixu=sp_desc
ERR: SQLSTATE[42S22]: Column not found: 1054 Unknown column 'a.brand_id' in 'where clause'

[ 2016-12-01T15:28:54+08:00 ] 127.0.0.1 /wwh_shop/index.php/Admin/Goods/goodsList?bid=1&gn=&fp=&tp=&ios=&fa=&ta=&paixu=sp_desc
ERR: SQLSTATE[42S22]: Column not found: 1054 Unknown column 'a.brand_id' in 'where clause'

[ 2016-12-01T15:28:55+08:00 ] 127.0.0.1 /wwh_shop/index.php/Admin/Goods/goodsList?bid=1&gn=&fp=&tp=&ios=&fa=&ta=&paixu=sp_desc
ERR: SQLSTATE[42S22]: Column not found: 1054 Unknown column 'a.brand_id' in 'where clause'

[ 2016-12-01T15:28:56+08:00 ] 127.0.0.1 /wwh_shop/index.php/Admin/Goods/goodsList?bid=1&gn=&fp=&tp=&ios=&fa=&ta=&paixu=sp_desc
ERR: SQLSTATE[42S22]: Column not found: 1054 Unknown column 'a.brand_id' in 'where clause'

[ 2016-12-01T15:28:57+08:00 ] 127.0.0.1 /wwh_shop/index.php/Admin/Goods/goodsList?bid=1&gn=&fp=&tp=&ios=&fa=&ta=&paixu=sp_desc
ERR: SQLSTATE[42S22]: Column not found: 1054 Unknown column 'a.brand_id' in 'where clause'

[ 2016-12-01T15:28:57+08:00 ] 127.0.0.1 /wwh_shop/index.php/Admin/Goods/goodsList?bid=1&gn=&fp=&tp=&ios=&fa=&ta=&paixu=sp_desc
ERR: SQLSTATE[42S22]: Column not found: 1054 Unknown column 'a.brand_id' in 'where clause'

[ 2016-12-01T15:28:57+08:00 ] 127.0.0.1 /wwh_shop/index.php/Admin/Goods/goodsList?bid=1&gn=&fp=&tp=&ios=&fa=&ta=&paixu=sp_desc
ERR: SQLSTATE[42S22]: Column not found: 1054 Unknown column 'a.brand_id' in 'where clause'

[ 2016-12-01T15:34:01+08:00 ] 127.0.0.1 /wwh_shop/index.php/Admin/Goods/goodsList?brand_id=&gn=2&fp=&tp=&ios=&fa=&ta=&paixu=sp_asc
ERR: SQLSTATE[42S22]: Column not found: 1054 Unknown column 'a.goods_name' in 'where clause'

[ 2016-12-01T15:36:00+08:00 ] 127.0.0.1 /wwh_shop/index.php/Admin/Goods/goodsList?brand_id=&gn=2&fp=&tp=&ios=&fa=&ta=&paixu=sp_asc
ERR: SQLSTATE[42S22]: Column not found: 1054 Unknown column 'a.goods_name' in 'where clause'

[ 2016-12-01T15:36:22+08:00 ] 127.0.0.1 /wwh_shop/index.php/Admin/Goods/goodsList?brand_id=&gn=%E5%B0%8F%E7%B1%B3&fp=&tp=&ios=&fa=&ta=
ERR: SQLSTATE[42S22]: Column not found: 1054 Unknown column 'a.goods_name' in 'where clause'

[ 2016-12-01T15:38:04+08:00 ] 127.0.0.1 /wwh_shop/index.php/Admin/Goods/goodsList?brand_id=1&gn=&fp=&tp=500&ios=1&fa=&ta=&paixu=sp_desc
ERR: SQLSTATE[42S22]: Column not found: 1054 Unknown column 'a.brand_id' in 'where clause'

[ 2016-12-01T15:38:16+08:00 ] 127.0.0.1 /wwh_shop/index.php/Admin/Goods/goodsList?brand_id=1&gn=&fp=&tp=500&ios=1&fa=&ta=&paixu=sp_desc
ERR: SQLSTATE[23000]: Integrity constraint violation: 1052 Column 'brand_id' in where clause is ambiguous

[ 2016-12-01T16:16:49+08:00 ] 127.0.0.1 /wwh_shop/index.php/Admin/member_level/lst
ERR: 模板不存在:./Application/Admin/View/Member_level/lst.html

[ 2016-12-01T16:17:00+08:00 ] 127.0.0.1 /wwh_shop/index.php/Admin/Member_level/lst
ERR: 模板不存在:./Application/Admin/View/Member_level/lst.html

[ 2016-12-01T16:47:07+08:00 ] ::1 /wwh_shop/index.php/Admin/Goods/goodsList?brand_id=1&gn=&fp=&tp=&ios=&fa=&ta=&paixu=at_desc
ERR: SQLSTATE[42S22]: Column not found: 1054 Unknown column 'a.brand_id' in 'where clause'

[ 2016-12-01T16:48:09+08:00 ] ::1 /wwh_shop/index.php/Admin/Goods/goodsList?brand_id=1&gn=&fp=&tp=&ios=&fa=&ta=&paixu=at_desc
ERR: SQLSTATE[42S22]: Column not found: 1054 Unknown column 'a.brand_id' in 'where clause'

[ 2016-12-01T16:48:11+08:00 ] ::1 /wwh_shop/index.php/Admin/Goods/goodsList?brand_id=1&gn=&fp=&tp=&ios=&fa=&ta=&paixu=at_desc
ERR: SQLSTATE[42S22]: Column not found: 1054 Unknown column 'a.brand_id' in 'where clause'

[ 2016-12-01T16:48:16+08:00 ] ::1 /wwh_shop/index.php/Admin/Goods/goodsList?brand_id=1&gn=&fp=&tp=&ios=&fa=&ta=&paixu=at_desc
ERR: SQLSTATE[42S22]: Column not found: 1054 Unknown column 'a.brand_id' in 'where clause'

[ 2016-12-01T16:48:18+08:00 ] ::1 /wwh_shop/index.php/Admin/Goods/goodsList?brand_id=1&gn=&fp=&tp=&ios=&fa=&ta=&paixu=at_desc
ERR: SQLSTATE[42S22]: Column not found: 1054 Unknown column 'a.brand_id' in 'where clause'

[ 2016-12-01T16:48:30+08:00 ] ::1 /wwh_shop/index.php/Admin/Goods/goodsList?brand_id=1&gn=&fp=&tp=&ios=&fa=&ta=&paixu=at_desc
ERR: SQLSTATE[42S22]: Column not found: 1054 Unknown column 'a.brand_id' in 'where clause'

[ 2016-12-01T16:49:14+08:00 ] ::1 /wwh_shop/index.php/Admin/Goods/goodsList?brand_id=1&gn=&fp=&tp=&ios=&fa=&ta=&paixu=at_desc
ERR: SQLSTATE[42S22]: Column not found: 1054 Unknown column 'a.brand_id' in 'where clause'

[ 2016-12-01T16:51:09+08:00 ] ::1 /wwh_shop/index.php/Admin/Goods/goodsList?brand_id=1&gn=&fp=&tp=&ios=&fa=&ta=&paixu=at_desc
ERR: SQLSTATE[23000]: Integrity constraint violation: 1052 Column 'brand_id' in where clause is ambiguous

[ 2016-12-01T16:51:38+08:00 ] ::1 /wwh_shop/index.php/Admin/Goods/goodsList?brand_id=1&gn=&fp=&tp=&ios=&fa=&ta=&paixu=at_desc
ERR: SQLSTATE[42S22]: Column not found: 1054 Unknown column 'a.brand_id' in 'where clause'

[ 2016-12-01T16:51:39+08:00 ] ::1 /wwh_shop/index.php/Admin/Goods/goodsList?brand_id=1&gn=&fp=&tp=&ios=&fa=&ta=&paixu=at_desc
ERR: SQLSTATE[42S22]: Column not found: 1054 Unknown column 'a.brand_id' in 'where clause'

[ 2016-12-01T16:51:51+08:00 ] ::1 /wwh_shop/index.php/Admin/Goods/goodsList?brand_id=1&gn=&fp=&tp=&ios=&fa=&ta=&paixu=at_desc
ERR: SQLSTATE[42S22]: Column not found: 1054 Unknown column 'a.brand_id' in 'where clause'

[ 2016-12-01T16:51:53+08:00 ] ::1 /wwh_shop/index.php/Admin/Goods/goodsList?brand_id=1&gn=&fp=&tp=&ios=&fa=&ta=&paixu=at_desc
ERR: SQLSTATE[42S22]: Column not found: 1054 Unknown column 'a.brand_id' in 'where clause'

[ 2016-12-01T16:51:53+08:00 ] ::1 /wwh_shop/index.php/Admin/Goods/goodsList?brand_id=1&gn=&fp=&tp=&ios=&fa=&ta=&paixu=at_desc
ERR: SQLSTATE[42S22]: Column not found: 1054 Unknown column 'a.brand_id' in 'where clause'

[ 2016-12-01T16:52:40+08:00 ] ::1 /wwh_shop/index.php/Admin/Goods/goodsList?brand_id=1&gn=&fp=&tp=&ios=&fa=&ta=&paixu=at_desc
ERR: SQLSTATE[42S22]: Column not found: 1054 Unknown column 'a.brand_id' in 'where clause'

[ 2016-12-01T16:52:42+08:00 ] ::1 /wwh_shop/index.php/Admin/Goods/goodsList?brand_id=1&gn=&fp=&tp=&ios=&fa=&ta=&paixu=at_desc
ERR: SQLSTATE[42S22]: Column not found: 1054 Unknown column 'a.brand_id' in 'where clause'

[ 2016-12-01T16:52:54+08:00 ] ::1 /wwh_shop/index.php/Admin/Goods/goodsList?brand_id=1&gn=&fp=&tp=&ios=&fa=&ta=&paixu=at_desc
ERR: SQLSTATE[42S22]: Column not found: 1054 Unknown column 'a.brand_id' in 'where clause'

[ 2016-12-01T16:53:44+08:00 ] ::1 /wwh_shop/index.php/Admin/Goods/goodsList?brand_id=1&gn=&fp=&tp=&ios=&fa=&ta=&paixu=at_desc
ERR: SQLSTATE[42S22]: Column not found: 1054 Unknown column 'a.brand_id' in 'where clause'

[ 2016-12-01T16:53:45+08:00 ] ::1 /wwh_shop/index.php/Admin/Goods/goodsList?brand_id=1&gn=&fp=&tp=&ios=&fa=&ta=&paixu=at_desc
ERR: SQLSTATE[42S22]: Column not found: 1054 Unknown column 'a.brand_id' in 'where clause'

[ 2016-12-01T16:53:46+08:00 ] ::1 /wwh_shop/index.php/Admin/Goods/goodsList?brand_id=1&gn=&fp=&tp=&ios=&fa=&ta=&paixu=at_desc
ERR: SQLSTATE[42S22]: Column not found: 1054 Unknown column 'a.brand_id' in 'where clause'

[ 2016-12-01T16:53:49+08:00 ] ::1 /wwh_shop/index.php/Admin/Goods/goodsList?brand_id=&gn=&fp=&tp=&ios=&fa=&ta=&paixu=at_desc
ERR: SQLSTATE[23000]: Integrity constraint violation: 1052 Column 'brand_id' in where clause is ambiguous

[ 2016-12-01T16:53:56+08:00 ] ::1 /wwh_shop/index.php/Admin/Goods/goodsList?brand_id=&gn=&fp=&tp=&ios=&fa=&ta=&paixu=at_desc
ERR: SQLSTATE[23000]: Integrity constraint violation: 1052 Column 'brand_id' in where clause is ambiguous

[ 2016-12-01T16:53:59+08:00 ] ::1 /wwh_shop/index.php/Admin/Goods/goodsList
ERR: SQLSTATE[23000]: Integrity constraint violation: 1052 Column 'brand_id' in where clause is ambiguous

[ 2016-12-01T16:57:44+08:00 ] ::1 /wwh_shop/index.php/Admin/Goods/goodsList?brand_id=1&gn=&fp=&tp=&ios=1&fa=&ta=
ERR: SQLSTATE[42S22]: Column not found: 1054 Unknown column 'a.brand_id' in 'where clause'

[ 2016-12-01T17:00:42+08:00 ] ::1 /wwh_shop/index.php/Admin/Goods/goodsList?brand_id=1&gn=&fp=&tp=&ios=1&fa=&ta=
ERR: SQLSTATE[42S22]: Column not found: 1054 Unknown column 'a.brand_id' in 'where clause'

[ 2016-12-01T17:00:57+08:00 ] ::1 /wwh_shop/index.php/Admin/Goods/goodsList?brand_id=1&gn=&fp=&tp=&ios=1&fa=&ta=
ERR: SQLSTATE[42S22]: Column not found: 1054 Unknown column 'a.brand_id' in 'where clause'

[ 2016-12-01T17:01:39+08:00 ] ::1 /wwh_shop/index.php/Admin/Goods/goodsList?brand_id=1&gn=&fp=&tp=&ios=1&fa=&ta=
ERR: SQLSTATE[42S22]: Column not found: 1054 Unknown column 'a.brand_id' in 'where clause'

[ 2016-12-01T17:01:44+08:00 ] ::1 /wwh_shop/index.php/Admin/Goods/goodsList?brand_id=1&gn=&fp=&tp=&ios=1&fa=&ta=
ERR: SQLSTATE[42S22]: Column not found: 1054 Unknown column 'a.brand_id' in 'where clause'

[ 2016-12-01T17:24:37+08:00 ] ::1 /wwh_shop/index.php/Admin/Goods/goodsList?brand_id=2&gn=ss&fp=&tp=&ios=1&fa=&ta=
ERR: SQLSTATE[42S22]: Column not found: 1054 Unknown column 'a.brand_id' in 'where clause'

[ 2016-12-01T17:36:31+08:00 ] ::1 /wwh_shop/index.php/Admin/Goods/goodsList?brand_id=2&gn=ss&fp=&tp=&ios=1&fa=&ta=
ERR: SQLSTATE[42S22]: Column not found: 1054 Unknown column 'a.brand_id' in 'where clause'

[ 2016-12-01T17:37:05+08:00 ] ::1 /wwh_shop/index.php/Admin/Goods/goodsList?brand_id=2&gn=ss&fp=&tp=&ios=1&fa=&ta=
ERR: SQLSTATE[42000]: Syntax error or access violation: 1064 You have an error in your SQL syntax; check the manual that corresponds to your MySQL server version for the right syntax to use near '\.brand_id=2 ) AND `goods_name` LIKE '%ss%' AND `is_onsale` = '1' LIMIT 1' at line 1

[ 2016-12-01T17:37:23+08:00 ] ::1 /wwh_shop/index.php/Admin/Goods/goodsList?brand_id=2&gn=ss&fp=&tp=&ios=1&fa=&ta=
ERR: SQLSTATE[42000]: Syntax error or access violation: 1064 You have an error in your SQL syntax; check the manual that corresponds to your MySQL server version for the right syntax to use near ')brand_id=2 ) AND `goods_name` LIKE '%ss%' AND `is_onsale` = '1' LIMIT 1' at line 1

[ 2016-12-01T17:37:33+08:00 ] ::1 /wwh_shop/index.php/Admin/Goods/goodsList?brand_id=2&gn=ss&fp=&tp=&ios=1&fa=&ta=
ERR: SQLSTATE[42S22]: Column not found: 1054 Unknown column 'a.brand_id' in 'where clause'

[ 2016-12-01T17:37:39+08:00 ] ::1 /wwh_shop/index.php/Admin/Goods/goodsList?brand_id=2&gn=ss&fp=&tp=&ios=1&fa=&ta=
ERR: SQLSTATE[42S22]: Column not found: 1054 Unknown column 'a.brand_c' in 'where clause'

[ 2016-12-01T17:37:50+08:00 ] ::1 /wwh_shop/index.php/Admin/Goods/goodsList?brand_id=2&gn=ss&fp=&tp=&ios=1&fa=&ta=
ERR: SQLSTATE[42000]: Syntax error or access violation: 1064 You have an error in your SQL syntax; check the manual that corresponds to your MySQL server version for the right syntax to use near 'brand_id=2 ) AND `goods_name` LIKE '%ss%' AND `is_onsale` = '1' LIMIT 1' at line 1

[ 2016-12-01T17:38:12+08:00 ] ::1 /wwh_shop/index.php/Admin/Goods/goodsList?brand_id=2&gn=ss&fp=&tp=&ios=1&fa=&ta=
ERR: SQLSTATE[42S22]: Column not found: 1054 Unknown column 'a.brand_id' in 'where clause'

[ 2016-12-01T17:38:33+08:00 ] ::1 /wwh_shop/index.php/Admin/Goods/goodsList?brand_id=2&gn=ss&fp=&tp=&ios=1&fa=&ta=
ERR: SQLSTATE[42000]: Syntax error or access violation: 1064 You have an error in your SQL syntax; check the manual that corresponds to your MySQL server version for the right syntax to use near 'AND a.brand_id=2 ) AND `goods_name` LIKE '%ss%' AND `is_onsale` = '1' LIMIT 1' at line 1

[ 2016-12-01T17:38:59+08:00 ] ::1 /wwh_shop/index.php/Admin/Goods/goodsList?brand_id=2&gn=ss&fp=&tp=&ios=1&fa=&ta=
ERR: SQLSTATE[42S22]: Column not found: 1054 Unknown column '小米3' in 'where clause'

[ 2016-12-01T17:39:10+08:00 ] ::1 /wwh_shop/index.php/Admin/Goods/goodsList?brand_id=2&gn=ss&fp=&tp=&ios=1&fa=&ta=
ERR: SQLSTATE[42S22]: Column not found: 1054 Unknown column 'a.brand_id' in 'where clause'

[ 2016-12-01T17:39:39+08:00 ] ::1 /wwh_shop/index.php/Admin/Goods/goodsList?brand_id=2&gn=ss&fp=&tp=&ios=1&fa=&ta=
ERR: SQLSTATE[42S22]: Column not found: 1054 Unknown column 'a.brand_id' in 'where clause'

[ 2016-12-01T17:40:39+08:00 ] ::1 /wwh_shop/index.php/Admin/Gii
ERR: 无法加载控制器:Gii

[ 2016-12-01T17:56:00+08:00 ] ::1 /wwh_shop/index.php/Admin/Goods/goodsList?brand_id=1&gn=&fp=&tp=&ios=&fa=&ta=
ERR: SQLSTATE[42S22]: Column not found: 1054 Unknown column 'a.brand_id' in 'where clause'

[ 2016-12-01T22:13:48+08:00 ] ::1 /wwh_shop/index.php/Admin/Index/__GROUP__/Index/main
ERR: 非法操作:__GROUP__

