[ 2016-12-04T07:46:05+08:00 ] ::1 /wwh_shop/index.php/Admin/Goods/goodsList
ERR: SQLSTATE[42000]: Syntax error or access violation: 1103 Incorrect table name ''

[ 2016-12-04T08:49:07+08:00 ] ::1 /wwh_shop/index.php/Admin/Goods/goodsList
ERR: SQLSTATE[42000]: Syntax error or access violation: 1103 Incorrect table name ''

[ 2016-12-04T08:54:59+08:00 ] ::1 /wwh_shop/index.php/Admin/Goods/goodsList
ERR: SQLSTATE[42000]: Syntax error or access violation: 1064 You have an error in your SQL syntax; check the manual that corresponds to your MySQL server version for the right syntax to use near 'a ORDER BY a.goods_id desc LIMIT 0,10' at line 1

[ 2016-12-04T09:03:47+08:00 ] ::1 /wwh_shop/index.php/Admin/Goods/goodsList?brand_id=1&gn=&fp=&tp=&ios=&fa=&ta=
ERR: SQLSTATE[42S22]: Column not found: 1054 Unknown column 'a.brand_id' in 'where clause'

[ 2016-12-04T09:09:44+08:00 ] ::1 /wwh_shop/index.php/Admin/Goods/goodsList?brand_id=1&gn=&fp=&tp=&ios=&fa=&ta=
ERR: SQLSTATE[42S22]: Column not found: 1054 Unknown column 'a.brand_id' in 'where clause'

[ 2016-12-04T09:13:15+08:00 ] ::1 /wwh_shop/index.php/Admin/Goods/goodsList?brand_id=1&gn=&fp=&tp=&ios=&fa=&ta=
ERR: SQLSTATE[42S22]: Column not found: 1054 Unknown column 'a.brand_id' in 'where clause'

[ 2016-12-04T09:13:18+08:00 ] ::1 /wwh_shop/index.php/Admin/Goods/goodsList?brand_id=1&gn=&fp=&tp=&ios=&fa=&ta=
ERR: SQLSTATE[42S22]: Column not found: 1054 Unknown column 'a.brand_id' in 'where clause'

[ 2016-12-04T09:13:22+08:00 ] ::1 /wwh_shop/index.php/Admin/Goods/goodsList?brand_id=1&gn=&fp=&tp=&ios=&fa=&ta=
ERR: SQLSTATE[42S22]: Column not found: 1054 Unknown column 'a.brand_id' in 'where clause'

[ 2016-12-04T09:13:49+08:00 ] ::1 /wwh_shop/index.php/Admin/Goods/goodsList?brand_id=1&gn=&fp=&tp=&ios=&fa=&ta=
ERR: SQLSTATE[42S22]: Column not found: 1054 Unknown column 'a.brand_id' in 'where clause'

[ 2016-12-04T09:14:05+08:00 ] ::1 /wwh_shop/index.php/Admin/Goods/goodsList?brand_id=1&gn=&fp=&tp=&ios=&fa=&ta=
ERR: SQLSTATE[42S22]: Column not found: 1054 Unknown column 'a.brand_id' in 'where clause'

[ 2016-12-04T09:15:02+08:00 ] ::1 /wwh_shop/index.php/Admin/Goods/goodsList?brand_id=1&gn=&fp=&tp=&ios=&fa=&ta=
ERR: SQLSTATE[42S22]: Column not found: 1054 Unknown column 'a.brand_id' in 'where clause'

[ 2016-12-04T09:15:03+08:00 ] ::1 /wwh_shop/index.php/Admin/Goods/goodsList?brand_id=1&gn=&fp=&tp=&ios=&fa=&ta=
ERR: SQLSTATE[42S22]: Column not found: 1054 Unknown column 'a.brand_id' in 'where clause'

[ 2016-12-04T09:15:13+08:00 ] ::1 /wwh_shop/index.php/Admin/Goods/goodsList?brand_id=1&gn=&fp=&tp=&ios=&fa=&ta=
ERR: SQLSTATE[23000]: Integrity constraint violation: 1052 Column 'brand_id' in where clause is ambiguous

[ 2016-12-04T09:15:15+08:00 ] ::1 /wwh_shop/index.php/Admin/Goods/goodsList?brand_id=1&gn=&fp=&tp=&ios=&fa=&ta=
ERR: SQLSTATE[23000]: Integrity constraint violation: 1052 Column 'brand_id' in where clause is ambiguous

[ 2016-12-04T09:15:17+08:00 ] ::1 /wwh_shop/index.php/Admin/Goods/goodsList?brand_id=1&gn=&fp=&tp=&ios=&fa=&ta=
ERR: SQLSTATE[23000]: Integrity constraint violation: 1052 Column 'brand_id' in where clause is ambiguous

[ 2016-12-04T09:15:17+08:00 ] ::1 /wwh_shop/index.php/Admin/Goods/goodsList?brand_id=1&gn=&fp=&tp=&ios=&fa=&ta=
ERR: SQLSTATE[23000]: Integrity constraint violation: 1052 Column 'brand_id' in where clause is ambiguous

[ 2016-12-04T09:22:22+08:00 ] ::1 /wwh_shop/index.php/Admin/Goods/goodsList?brand_id=1&gn=&fp=&tp=&ios=&fa=&ta=
ERR: SQLSTATE[42S22]: Column not found: 1054 Unknown column 'wwh_catgory.cat_id' in 'on clause'

[ 2016-12-04T09:22:47+08:00 ] ::1 /wwh_shop/index.php/Admin/Goods/goodsList?brand_id=1&gn=&fp=&tp=&ios=&fa=&ta=
ERR: SQLSTATE[42S22]: Column not found: 1054 Unknown column 'wwh_category.cat_id' in 'on clause'

[ 2016-12-04T09:22:49+08:00 ] ::1 /wwh_shop/index.php/Admin/Goods/goodsList?brand_id=1&gn=&fp=&tp=&ios=&fa=&ta=
ERR: SQLSTATE[42S22]: Column not found: 1054 Unknown column 'wwh_category.cat_id' in 'on clause'

[ 2016-12-04T09:22:53+08:00 ] ::1 /wwh_shop/index.php/Admin/Goods/goodsList?brand_id=1&gn=&fp=&tp=&ios=&fa=&ta=
ERR: SQLSTATE[42S22]: Column not found: 1054 Unknown column 'wwh_category.cat_id' in 'on clause'

[ 2016-12-04T09:22:54+08:00 ] ::1 /wwh_shop/index.php/Admin/Goods/goodsList?brand_id=1&gn=&fp=&tp=&ios=&fa=&ta=
ERR: SQLSTATE[42S22]: Column not found: 1054 Unknown column 'wwh_category.cat_id' in 'on clause'

[ 2016-12-04T09:22:54+08:00 ] ::1 /wwh_shop/index.php/Admin/Goods/goodsList?brand_id=1&gn=&fp=&tp=&ios=&fa=&ta=
ERR: SQLSTATE[42S22]: Column not found: 1054 Unknown column 'wwh_category.cat_id' in 'on clause'

[ 2016-12-04T09:22:54+08:00 ] ::1 /wwh_shop/index.php/Admin/Goods/goodsList?brand_id=1&gn=&fp=&tp=&ios=&fa=&ta=
ERR: SQLSTATE[42S22]: Column not found: 1054 Unknown column 'wwh_category.cat_id' in 'on clause'

[ 2016-12-04T09:22:54+08:00 ] ::1 /wwh_shop/index.php/Admin/Goods/goodsList?brand_id=1&gn=&fp=&tp=&ios=&fa=&ta=
ERR: SQLSTATE[42S22]: Column not found: 1054 Unknown column 'wwh_category.cat_id' in 'on clause'

[ 2016-12-04T09:22:54+08:00 ] ::1 /wwh_shop/index.php/Admin/Goods/goodsList?brand_id=1&gn=&fp=&tp=&ios=&fa=&ta=
ERR: SQLSTATE[42S22]: Column not found: 1054 Unknown column 'wwh_category.cat_id' in 'on clause'

[ 2016-12-04T09:30:32+08:00 ] ::1 /wwh_shop/index.php/Admin/Goods/goodsList?brand_id=1&gn=&fp=&tp=&ios=&fa=&ta=
ERR: SQLSTATE[42S22]: Column not found: 1054 Unknown column 'a.brand_id' in 'where clause'

[ 2016-12-04T09:31:23+08:00 ] ::1 /wwh_shop/index.php/Admin/Goods/goodsList?brand_id=1&gn=&fp=&tp=&ios=&fa=&ta=
ERR: SQLSTATE[42S22]: Column not found: 1054 Unknown column 'a.brand_id' in 'where clause'

[ 2016-12-04T09:37:07+08:00 ] ::1 /wwh_shop/index.php/Admin/Goods/goodsList?brand_id=1&gn=&fp=&tp=&ios=&fa=&ta=
ERR: Think\Controller:getLastSql方法不存在！

[ 2016-12-04T09:37:45+08:00 ] ::1 /wwh_shop/index.php/Admin/Goods/goodsList?brand_id=1&gn=&fp=&tp=&ios=&fa=&ta=
ERR: SQLSTATE[42S22]: Column not found: 1054 Unknown column 'a.brand_id' in 'where clause'

[ 2016-12-04T09:40:17+08:00 ] ::1 /wwh_shop/index.php/Admin/Goods/goodsList?brand_id=1&gn=&fp=&tp=&ios=&fa=&ta=
ERR: SQLSTATE[42S22]: Column not found: 1054 Unknown column 'a.brand_id' in 'where clause'

[ 2016-12-04T09:40:19+08:00 ] ::1 /wwh_shop/index.php/Admin/Goods/goodsList?brand_id=1&gn=&fp=&tp=&ios=&fa=&ta=
ERR: SQLSTATE[42S22]: Column not found: 1054 Unknown column 'a.brand_id' in 'where clause'

[ 2016-12-04T09:40:22+08:00 ] ::1 /wwh_shop/index.php/Admin/Goods/goodsList?brand_id=1&gn=&fp=&tp=&ios=&fa=&ta=
ERR: SQLSTATE[42S22]: Column not found: 1054 Unknown column 'a.brand_id' in 'where clause'

[ 2016-12-04T09:52:55+08:00 ] ::1 /wwh_shop/index.php/Admin/Goods/goodsList?brand_id=1&gn=&fp=&tp=&ios=&fa=&ta=
ERR: SQLSTATE[42S22]: Column not found: 1054 Unknown column 'a.brand_id' in 'where clause'

[ 2016-12-04T10:01:49+08:00 ] ::1 /wwh_shop/index.php/Admin/Goods/goodsList?brand_id=1&gn=&fp=&tp=&ios=&fa=&ta=
ERR: SQLSTATE[42S22]: Column not found: 1054 Unknown column 'a.brand_id' in 'where clause'

[ 2016-12-04T10:02:49+08:00 ] ::1 /wwh_shop/index.php/Admin/Goods/goodsList?brand_id=1&gn=&fp=&tp=&ios=&fa=&ta=
ERR: SQLSTATE[42S22]: Column not found: 1054 Unknown column 'a.brand_id' in 'where clause'

[ 2016-12-04T10:09:08+08:00 ] ::1 /wwh_shop/index.php/Admin/Goods/goodsList?brand_id=2&gn=&fp=&tp=&ios=&fa=&ta=
ERR: SQLSTATE[42S22]: Column not found: 1054 Unknown column 'a.brand_id' in 'where clause'

[ 2016-12-04T10:09:10+08:00 ] ::1 /wwh_shop/index.php/Admin/Goods/goodsList?brand_id=2&gn=&fp=&tp=&ios=&fa=&ta=
ERR: SQLSTATE[42S22]: Column not found: 1054 Unknown column 'a.brand_id' in 'where clause'

[ 2016-12-04T10:09:17+08:00 ] ::1 /wwh_shop/index.php/Admin/Goods/goodsList?brand_id=2&gn=&fp=&tp=&ios=&fa=&ta=
ERR: SQLSTATE[42S22]: Column not found: 1054 Unknown column 'a.brand_id' in 'where clause'

[ 2016-12-04T11:11:16+08:00 ] ::1 /wwh_shop/index.php/Admin/Category/add.html
ERR: Think\Controller:select方法不存在！

[ 2016-12-04T11:11:23+08:00 ] ::1 /wwh_shop/index.php/Admin/Category/add.html
ERR: Think\Controller:select方法不存在！

[ 2016-12-04T15:46:09+08:00 ] ::1 /wwh_shop/index.php/Admin/Goods/goodsList.html
ERR: SQLSTATE[42S22]: Column not found: 1054 Unknown column 'd.cat_name' in 'field list'

[ 2016-12-04T21:39:21+08:00 ] ::1 /wwh_shop/index.php/Admin/Goods/goodsList?brand_id=&cat_id=1&gn=&fp=&tp=&ios=&fa=&ta=
ERR: SQLSTATE[42S02]: Base table or view not found: 1146 Table 'wwh_shop.wwh_catgory' doesn't exist

[ 2016-12-04T21:40:14+08:00 ] ::1 /wwh_shop/index.php/Admin/Goods/goodsList?brand_id=&cat_id=1&gn=&fp=&tp=&ios=&fa=&ta=
ERR: SQLSTATE[42000]: Syntax error or access violation: 1064 You have an error in your SQL syntax; check the manual that corresponds to your MySQL server version for the right syntax to use near ') LIMIT 1' at line 1

[ 2016-12-04T21:40:18+08:00 ] ::1 /wwh_shop/index.php/Admin/Goods/goodsList?brand_id=&cat_id=1&gn=&fp=&tp=&ios=&fa=&ta=
ERR: SQLSTATE[42000]: Syntax error or access violation: 1064 You have an error in your SQL syntax; check the manual that corresponds to your MySQL server version for the right syntax to use near ') LIMIT 1' at line 1

[ 2016-12-04T21:42:13+08:00 ] ::1 /wwh_shop/index.php/Admin/Goods/goodsList?brand_id=&cat_id=1&gn=&fp=&tp=&ios=&fa=&ta=
ERR: SQLSTATE[42S22]: Column not found: 1054 Unknown column 'Array' in 'where clause'

[ 2016-12-04T21:42:14+08:00 ] ::1 /wwh_shop/index.php/Admin/Goods/goodsList?brand_id=&cat_id=1&gn=&fp=&tp=&ios=&fa=&ta=
ERR: SQLSTATE[42S22]: Column not found: 1054 Unknown column 'Array' in 'where clause'

